avg_samples = 12  # Nbre de mesures pour faire la moyenne des puissances
step_stabilization = 10   # attente stabilisation en secondes de la puissance entre chaque seuil
start_stabilization = 500

# set power to 100.0%
[on_pzem_message] # read 2297 W
[on_pzem_message] # read 2295 W
[on_pzem_message] # read 2295 W
[on_pzem_message] # read 2290 W
[on_pzem_message] # read 2291 W
[on_pzem_message] # read 2294 W
[on_pzem_message] # read 2290 W
[on_pzem_message] # read 2291 W
[on_pzem_message] # read 2291 W
[on_pzem_message] # read 2291 W
[on_pzem_message] # read 2290 W
[on_pzem_message] # read 2271 W
 # power,average : 100,0;2290,5

# set power to 99.5%
[on_pzem_message] # read 2289 W
[on_pzem_message] # read 2287 W
[on_pzem_message] # read 2285 W
[on_pzem_message] # read 2288 W
[on_pzem_message] # read 2288 W
[on_pzem_message] # read 2287 W
[on_pzem_message] # read 2290 W
[on_pzem_message] # read 2289 W
[on_pzem_message] # read 2286 W
[on_pzem_message] # read 2289 W
[on_pzem_message] # read 2289 W
[on_pzem_message] # read 2288 W
 # power,average : 99,5;2287,9166666666665

# set power to 99.0%
[on_pzem_message] # read 2282 W
[on_pzem_message] # read 2281 W
[on_pzem_message] # read 2282 W
[on_pzem_message] # read 2281 W
[on_pzem_message] # read 2280 W
[on_pzem_message] # read 2281 W
[on_pzem_message] # read 2280 W
[on_pzem_message] # read 2279 W
[on_pzem_message] # read 2279 W
[on_pzem_message] # read 2279 W
[on_pzem_message] # read 2280 W
[on_pzem_message] # read 2280 W
 # power,average : 99,0;2280,3333333333335

# set power to 98.5%
[on_pzem_message] # read 2279 W
[on_pzem_message] # read 2259 W
[on_pzem_message] # read 2260 W
[on_pzem_message] # read 2280 W
[on_pzem_message] # read 2280 W
[on_pzem_message] # read 2280 W
[on_pzem_message] # read 2279 W
[on_pzem_message] # read 2281 W
[on_pzem_message] # read 2281 W
[on_pzem_message] # read 2279 W
[on_pzem_message] # read 2278 W
[on_pzem_message] # read 2283 W
 # power,average : 98,5;2276,5833333333335

# set power to 98.0%
[on_pzem_message] # read 2278 W
[on_pzem_message] # read 2277 W
[on_pzem_message] # read 2275 W
[on_pzem_message] # read 2259 W
[on_pzem_message] # read 2279 W
[on_pzem_message] # read 2280 W
[on_pzem_message] # read 2278 W
[on_pzem_message] # read 2268 W
[on_pzem_message] # read 2283 W
[on_pzem_message] # read 2282 W
[on_pzem_message] # read 2282 W
[on_pzem_message] # read 2281 W
 # power,average : 98,0;2276,8333333333335

# set power to 97.5%
[on_pzem_message] # read 2280 W
[on_pzem_message] # read 2281 W
[on_pzem_message] # read 2282 W
[on_pzem_message] # read 2282 W
[on_pzem_message] # read 2279 W
[on_pzem_message] # read 2260 W
[on_pzem_message] # read 2277 W
[on_pzem_message] # read 2276 W
[on_pzem_message] # read 2272 W
[on_pzem_message] # read 2275 W
[on_pzem_message] # read 2277 W
[on_pzem_message] # read 2277 W
 # power,average : 97,5;2276,5

# set power to 97.0%
[on_pzem_message] # read 2278 W
[on_pzem_message] # read 2279 W
[on_pzem_message] # read 2278 W
[on_pzem_message] # read 2275 W
[on_pzem_message] # read 2278 W
[on_pzem_message] # read 2281 W
[on_pzem_message] # read 2280 W
[on_pzem_message] # read 2269 W
[on_pzem_message] # read 2262 W
[on_pzem_message] # read 2280 W
[on_pzem_message] # read 2275 W
[on_pzem_message] # read 2279 W
 # power,average : 97,0;2276,1666666666665

# set power to 96.5%
[on_pzem_message] # read 2277 W
[on_pzem_message] # read 2273 W
[on_pzem_message] # read 2268 W
[on_pzem_message] # read 2273 W
[on_pzem_message] # read 2271 W
[on_pzem_message] # read 2270 W
[on_pzem_message] # read 2264 W
[on_pzem_message] # read 2274 W
[on_pzem_message] # read 2280 W
[on_pzem_message] # read 2283 W
[on_pzem_message] # read 2277 W
[on_pzem_message] # read 2259 W
 # power,average : 96,5;2272,4166666666665

# set power to 96.0%
[on_pzem_message] # read 2272 W
[on_pzem_message] # read 2272 W
[on_pzem_message] # read 2270 W
[on_pzem_message] # read 2271 W
[on_pzem_message] # read 2274 W
[on_pzem_message] # read 2275 W
[on_pzem_message] # read 2273 W
[on_pzem_message] # read 2272 W
[on_pzem_message] # read 2274 W
[on_pzem_message] # read 2275 W
[on_pzem_message] # read 2276 W
[on_pzem_message] # read 2275 W
 # power,average : 96,0;2273,25

# set power to 95.5%
[on_pzem_message] # read 2269 W
[on_pzem_message] # read 2269 W
[on_pzem_message] # read 2271 W
[on_pzem_message] # read 2271 W
[on_pzem_message] # read 2270 W
[on_pzem_message] # read 2274 W
[on_pzem_message] # read 2271 W
[on_pzem_message] # read 2273 W
[on_pzem_message] # read 2273 W
[on_pzem_message] # read 2273 W
[on_pzem_message] # read 2271 W
[on_pzem_message] # read 2274 W
 # power,average : 95,5;2271,5833333333335

# set power to 95.0%
[on_pzem_message] # read 2259 W
[on_pzem_message] # read 2250 W
[on_pzem_message] # read 2269 W
[on_pzem_message] # read 2270 W
[on_pzem_message] # read 2268 W
[on_pzem_message] # read 2267 W
[on_pzem_message] # read 2268 W
[on_pzem_message] # read 2269 W
[on_pzem_message] # read 2268 W
[on_pzem_message] # read 2268 W
[on_pzem_message] # read 2268 W
[on_pzem_message] # read 2271 W
 # power,average : 95,0;2266,25

# set power to 94.5%
[on_pzem_message] # read 2272 W
[on_pzem_message] # read 2273 W
[on_pzem_message] # read 2271 W
[on_pzem_message] # read 2249 W
[on_pzem_message] # read 2272 W
[on_pzem_message] # read 2273 W
[on_pzem_message] # read 2272 W
[on_pzem_message] # read 2271 W
[on_pzem_message] # read 2271 W
[on_pzem_message] # read 2274 W
[on_pzem_message] # read 2273 W
[on_pzem_message] # read 2275 W
 # power,average : 94,5;2270,5

# set power to 94.0%
[on_pzem_message] # read 2274 W
[on_pzem_message] # read 2271 W
[on_pzem_message] # read 2273 W
[on_pzem_message] # read 2273 W
[on_pzem_message] # read 2273 W
[on_pzem_message] # read 2273 W
[on_pzem_message] # read 2252 W
[on_pzem_message] # read 2272 W
[on_pzem_message] # read 2272 W
[on_pzem_message] # read 2271 W
[on_pzem_message] # read 2271 W
[on_pzem_message] # read 2273 W
 # power,average : 94,0;2270,6666666666665

# set power to 93.5%
[on_pzem_message] # read 2277 W
[on_pzem_message] # read 2280 W
[on_pzem_message] # read 2279 W
[on_pzem_message] # read 2278 W
[on_pzem_message] # read 2278 W
[on_pzem_message] # read 2279 W
[on_pzem_message] # read 2278 W
[on_pzem_message] # read 2277 W
[on_pzem_message] # read 2277 W
[on_pzem_message] # read 2257 W
[on_pzem_message] # read 2278 W
[on_pzem_message] # read 2279 W
 # power,average : 93,5;2276,4166666666665

# set power to 93.0%
[on_pzem_message] # read 2285 W
[on_pzem_message] # read 2284 W
[on_pzem_message] # read 2285 W
[on_pzem_message] # read 2286 W
[on_pzem_message] # read 2286 W
[on_pzem_message] # read 2289 W
[on_pzem_message] # read 2288 W
[on_pzem_message] # read 2285 W
[on_pzem_message] # read 2284 W
[on_pzem_message] # read 2287 W
[on_pzem_message] # read 2285 W
[on_pzem_message] # read 2280 W
 # power,average : 93,0;2285,3333333333335

# set power to 92.5%
[on_pzem_message] # read 2279 W
[on_pzem_message] # read 2277 W
[on_pzem_message] # read 2277 W
[on_pzem_message] # read 2278 W
[on_pzem_message] # read 2273 W
[on_pzem_message] # read 2273 W
[on_pzem_message] # read 2272 W
[on_pzem_message] # read 2271 W
[on_pzem_message] # read 2276 W
[on_pzem_message] # read 2276 W
[on_pzem_message] # read 2276 W
[on_pzem_message] # read 2277 W
 # power,average : 92,5;2275,4166666666665

# set power to 92.0%
[on_pzem_message] # read 2278 W
[on_pzem_message] # read 2278 W
[on_pzem_message] # read 2282 W
[on_pzem_message] # read 2283 W
[on_pzem_message] # read 2285 W
[on_pzem_message] # read 2283 W
[on_pzem_message] # read 2283 W
[on_pzem_message] # read 2281 W
[on_pzem_message] # read 2283 W
[on_pzem_message] # read 2283 W
[on_pzem_message] # read 2284 W
[on_pzem_message] # read 2283 W
 # power,average : 92,0;2282,1666666666665

# set power to 91.5%
[on_pzem_message] # read 2276 W
[on_pzem_message] # read 2264 W
[on_pzem_message] # read 2267 W
[on_pzem_message] # read 2274 W
[on_pzem_message] # read 2272 W
[on_pzem_message] # read 2271 W
[on_pzem_message] # read 2271 W
[on_pzem_message] # read 2271 W
[on_pzem_message] # read 2270 W
[on_pzem_message] # read 2269 W
[on_pzem_message] # read 2269 W
[on_pzem_message] # read 2270 W
 # power,average : 91,5;2270,3333333333335

# set power to 91.0%
[on_pzem_message] # read 2273 W
[on_pzem_message] # read 2272 W
[on_pzem_message] # read 2272 W
[on_pzem_message] # read 2273 W
[on_pzem_message] # read 2252 W
[on_pzem_message] # read 2257 W
[on_pzem_message] # read 2274 W
[on_pzem_message] # read 2269 W
[on_pzem_message] # read 2270 W
[on_pzem_message] # read 2267 W
[on_pzem_message] # read 2266 W
[on_pzem_message] # read 2267 W
 # power,average : 91,0;2267,6666666666665

# set power to 90.5%
[on_pzem_message] # read 2261 W
[on_pzem_message] # read 2262 W
[on_pzem_message] # read 2267 W
[on_pzem_message] # read 2264 W
[on_pzem_message] # read 2261 W
[on_pzem_message] # read 2256 W
[on_pzem_message] # read 2258 W
[on_pzem_message] # read 2244 W
[on_pzem_message] # read 2264 W
[on_pzem_message] # read 2260 W
[on_pzem_message] # read 2255 W
[on_pzem_message] # read 2253 W
 # power,average : 90,5;2258,75

# set power to 90.0%
[on_pzem_message] # read 2257 W
[on_pzem_message] # read 2255 W
[on_pzem_message] # read 2253 W
[on_pzem_message] # read 2252 W
[on_pzem_message] # read 2252 W
[on_pzem_message] # read 2253 W
[on_pzem_message] # read 2253 W
[on_pzem_message] # read 2252 W
[on_pzem_message] # read 2253 W
[on_pzem_message] # read 2252 W
[on_pzem_message] # read 2236 W
[on_pzem_message] # read 2246 W
 # power,average : 90,0;2251,1666666666665

# set power to 89.5%
[on_pzem_message] # read 2247 W
[on_pzem_message] # read 2244 W
[on_pzem_message] # read 2244 W
[on_pzem_message] # read 2241 W
[on_pzem_message] # read 2242 W
[on_pzem_message] # read 2244 W
[on_pzem_message] # read 2245 W
[on_pzem_message] # read 2244 W
[on_pzem_message] # read 2244 W
[on_pzem_message] # read 2243 W
[on_pzem_message] # read 2238 W
[on_pzem_message] # read 2244 W
 # power,average : 89,5;2243,3333333333335

# set power to 89.0%
[on_pzem_message] # read 2246 W
[on_pzem_message] # read 2246 W
[on_pzem_message] # read 2247 W
[on_pzem_message] # read 2245 W
[on_pzem_message] # read 2245 W
[on_pzem_message] # read 2242 W
[on_pzem_message] # read 2247 W
[on_pzem_message] # read 2241 W
[on_pzem_message] # read 2245 W
[on_pzem_message] # read 2245 W
[on_pzem_message] # read 2235 W
[on_pzem_message] # read 2236 W
 # power,average : 89,0;2243,3333333333335

# set power to 88.5%
[on_pzem_message] # read 2215 W
[on_pzem_message] # read 2236 W
[on_pzem_message] # read 2233 W
[on_pzem_message] # read 2236 W
[on_pzem_message] # read 2234 W
[on_pzem_message] # read 2240 W
[on_pzem_message] # read 2239 W
[on_pzem_message] # read 2233 W
[on_pzem_message] # read 2241 W
[on_pzem_message] # read 2238 W
[on_pzem_message] # read 2242 W
[on_pzem_message] # read 2240 W
 # power,average : 88,5;2235,5833333333335

# set power to 88.0%
[on_pzem_message] # read 2241 W
[on_pzem_message] # read 2239 W
[on_pzem_message] # read 2220 W
[on_pzem_message] # read 2240 W
[on_pzem_message] # read 2237 W
[on_pzem_message] # read 2236 W
[on_pzem_message] # read 2239 W
[on_pzem_message] # read 2230 W
[on_pzem_message] # read 2230 W
[on_pzem_message] # read 2236 W
[on_pzem_message] # read 2232 W
[on_pzem_message] # read 2232 W
 # power,average : 88,0;2234,3333333333335

# set power to 87.5%
[on_pzem_message] # read 2225 W
[on_pzem_message] # read 2229 W
[on_pzem_message] # read 2227 W
[on_pzem_message] # read 2230 W
[on_pzem_message] # read 2230 W
[on_pzem_message] # read 2220 W
[on_pzem_message] # read 2215 W
[on_pzem_message] # read 2230 W
[on_pzem_message] # read 2236 W
[on_pzem_message] # read 2234 W
[on_pzem_message] # read 2231 W
[on_pzem_message] # read 2231 W
 # power,average : 87,5;2228,1666666666665

# set power to 87.0%
[on_pzem_message] # read 2217 W
[on_pzem_message] # read 2224 W
[on_pzem_message] # read 2232 W
[on_pzem_message] # read 2229 W
[on_pzem_message] # read 2229 W
[on_pzem_message] # read 2226 W
[on_pzem_message] # read 2230 W
[on_pzem_message] # read 2219 W
[on_pzem_message] # read 2203 W
[on_pzem_message] # read 2223 W
[on_pzem_message] # read 2231 W
[on_pzem_message] # read 2229 W
 # power,average : 87,0;2224,3333333333335

# set power to 86.5%
[on_pzem_message] # read 2225 W
[on_pzem_message] # read 2223 W
[on_pzem_message] # read 2218 W
[on_pzem_message] # read 2215 W
[on_pzem_message] # read 2220 W
[on_pzem_message] # read 2222 W
[on_pzem_message] # read 2225 W
[on_pzem_message] # read 2224 W
[on_pzem_message] # read 2220 W
[on_pzem_message] # read 2218 W
[on_pzem_message] # read 2221 W
[on_pzem_message] # read 2201 W
 # power,average : 86,5;2219,3333333333335

# set power to 86.0%
[on_pzem_message] # read 2214 W
[on_pzem_message] # read 2214 W
[on_pzem_message] # read 2224 W
[on_pzem_message] # read 2218 W
[on_pzem_message] # read 2222 W
[on_pzem_message] # read 2223 W
[on_pzem_message] # read 2218 W
[on_pzem_message] # read 2218 W
[on_pzem_message] # read 2220 W
[on_pzem_message] # read 2212 W
[on_pzem_message] # read 2215 W
[on_pzem_message] # read 2217 W
 # power,average : 86,0;2217,9166666666665

# set power to 85.5%
[on_pzem_message] # read 2206 W
[on_pzem_message] # read 2207 W
[on_pzem_message] # read 2209 W
[on_pzem_message] # read 2207 W
[on_pzem_message] # read 2205 W
[on_pzem_message] # read 2210 W
[on_pzem_message] # read 2206 W
[on_pzem_message] # read 2210 W
[on_pzem_message] # read 2211 W
[on_pzem_message] # read 2208 W
[on_pzem_message] # read 2206 W
[on_pzem_message] # read 2207 W
 # power,average : 85,5;2207,6666666666665

# set power to 85.0%
[on_pzem_message] # read 2208 W
[on_pzem_message] # read 2190 W
[on_pzem_message] # read 2202 W
[on_pzem_message] # read 2193 W
[on_pzem_message] # read 2206 W
[on_pzem_message] # read 2205 W
[on_pzem_message] # read 2201 W
[on_pzem_message] # read 2206 W
[on_pzem_message] # read 2204 W
[on_pzem_message] # read 2204 W
[on_pzem_message] # read 2206 W
[on_pzem_message] # read 2205 W
 # power,average : 85,0;2202,5

# set power to 84.5%
[on_pzem_message] # read 2191 W
[on_pzem_message] # read 2185 W
[on_pzem_message] # read 2195 W
[on_pzem_message] # read 2183 W
[on_pzem_message] # read 2180 W
[on_pzem_message] # read 2186 W
[on_pzem_message] # read 2184 W
[on_pzem_message] # read 2191 W
[on_pzem_message] # read 2192 W
[on_pzem_message] # read 2190 W
[on_pzem_message] # read 2189 W
[on_pzem_message] # read 2191 W
 # power,average : 84,5;2188,0833333333335

# set power to 84.0%
[on_pzem_message] # read 2193 W
[on_pzem_message] # read 2191 W
[on_pzem_message] # read 2187 W
[on_pzem_message] # read 2191 W
[on_pzem_message] # read 2185 W
[on_pzem_message] # read 2193 W
[on_pzem_message] # read 2187 W
[on_pzem_message] # read 2178 W
[on_pzem_message] # read 2193 W
[on_pzem_message] # read 2191 W
[on_pzem_message] # read 2192 W
[on_pzem_message] # read 2192 W
 # power,average : 84,0;2189,4166666666665

# set power to 83.5%
[on_pzem_message] # read 2180 W
[on_pzem_message] # read 2176 W
[on_pzem_message] # read 2184 W
[on_pzem_message] # read 2177 W
[on_pzem_message] # read 2184 W
[on_pzem_message] # read 2183 W
[on_pzem_message] # read 2182 W
[on_pzem_message] # read 2181 W
[on_pzem_message] # read 2181 W
[on_pzem_message] # read 2162 W
[on_pzem_message] # read 2163 W
[on_pzem_message] # read 2182 W
 # power,average : 83,5;2177,9166666666665

# set power to 83.0%
[on_pzem_message] # read 2174 W
[on_pzem_message] # read 2177 W
[on_pzem_message] # read 2177 W
[on_pzem_message] # read 2179 W
[on_pzem_message] # read 2182 W
[on_pzem_message] # read 2183 W
[on_pzem_message] # read 2179 W
[on_pzem_message] # read 2178 W
[on_pzem_message] # read 2183 W
[on_pzem_message] # read 2179 W
[on_pzem_message] # read 2178 W
[on_pzem_message] # read 2176 W
 # power,average : 83,0;2178,75

# set power to 82.5%
[on_pzem_message] # read 2167 W
[on_pzem_message] # read 2162 W
[on_pzem_message] # read 2164 W
[on_pzem_message] # read 2165 W
[on_pzem_message] # read 2166 W
[on_pzem_message] # read 2164 W
[on_pzem_message] # read 2163 W
[on_pzem_message] # read 2168 W
[on_pzem_message] # read 2166 W
[on_pzem_message] # read 2168 W
[on_pzem_message] # read 2166 W
[on_pzem_message] # read 2166 W
 # power,average : 82,5;2165,4166666666665

# set power to 82.0%
[on_pzem_message] # read 2160 W
[on_pzem_message] # read 2162 W
[on_pzem_message] # read 2171 W
[on_pzem_message] # read 2165 W
[on_pzem_message] # read 2161 W
[on_pzem_message] # read 2167 W
[on_pzem_message] # read 2162 W
[on_pzem_message] # read 2163 W
[on_pzem_message] # read 2165 W
[on_pzem_message] # read 2178 W
[on_pzem_message] # read 2181 W
[on_pzem_message] # read 2180 W
 # power,average : 82,0;2167,9166666666665

# set power to 81.5%
[on_pzem_message] # read 2154 W
[on_pzem_message] # read 2156 W
[on_pzem_message] # read 2154 W
[on_pzem_message] # read 2163 W
[on_pzem_message] # read 2155 W
[on_pzem_message] # read 2166 W
[on_pzem_message] # read 2166 W
[on_pzem_message] # read 2165 W
[on_pzem_message] # read 2167 W
[on_pzem_message] # read 2171 W
[on_pzem_message] # read 2170 W
[on_pzem_message] # read 2168 W
 # power,average : 81,5;2162,9166666666665

# set power to 81.0%
[on_pzem_message] # read 2170 W
[on_pzem_message] # read 2171 W
[on_pzem_message] # read 2173 W
[on_pzem_message] # read 2176 W
[on_pzem_message] # read 2175 W
[on_pzem_message] # read 2150 W
[on_pzem_message] # read 2171 W
[on_pzem_message] # read 2173 W
[on_pzem_message] # read 2171 W
[on_pzem_message] # read 2166 W
[on_pzem_message] # read 2171 W
[on_pzem_message] # read 2168 W
 # power,average : 81,0;2169,5833333333335

# set power to 80.5%
[on_pzem_message] # read 2149 W
[on_pzem_message] # read 2165 W
[on_pzem_message] # read 2155 W
[on_pzem_message] # read 2161 W
[on_pzem_message] # read 2159 W
[on_pzem_message] # read 2157 W
[on_pzem_message] # read 2156 W
[on_pzem_message] # read 2142 W
[on_pzem_message] # read 2140 W
[on_pzem_message] # read 2155 W
[on_pzem_message] # read 2157 W
[on_pzem_message] # read 2160 W
 # power,average : 80,5;2154,6666666666665

# set power to 80.0%
[on_pzem_message] # read 2159 W
[on_pzem_message] # read 2160 W
[on_pzem_message] # read 2158 W
[on_pzem_message] # read 2151 W
[on_pzem_message] # read 2156 W
[on_pzem_message] # read 2156 W
[on_pzem_message] # read 2157 W
[on_pzem_message] # read 2149 W
[on_pzem_message] # read 2157 W
[on_pzem_message] # read 2155 W
[on_pzem_message] # read 2139 W
[on_pzem_message] # read 2135 W
 # power,average : 80,0;2152,6666666666665

# set power to 79.5%
[on_pzem_message] # read 2144 W
[on_pzem_message] # read 2143 W
[on_pzem_message] # read 2142 W
[on_pzem_message] # read 2143 W
[on_pzem_message] # read 2143 W
[on_pzem_message] # read 2143 W
[on_pzem_message] # read 2142 W
[on_pzem_message] # read 2141 W
[on_pzem_message] # read 2142 W
[on_pzem_message] # read 2141 W
[on_pzem_message] # read 2142 W
[on_pzem_message] # read 2141 W
 # power,average : 79,5;2142,25

# set power to 79.0%
[on_pzem_message] # read 2152 W
[on_pzem_message] # read 2151 W
[on_pzem_message] # read 2150 W
[on_pzem_message] # read 2150 W
[on_pzem_message] # read 2152 W
[on_pzem_message] # read 2151 W
[on_pzem_message] # read 2152 W
[on_pzem_message] # read 2153 W
[on_pzem_message] # read 2152 W
[on_pzem_message] # read 2150 W
[on_pzem_message] # read 2150 W
[on_pzem_message] # read 2149 W
 # power,average : 79,0;2151,0

# set power to 78.5%
[on_pzem_message] # read 2125 W
[on_pzem_message] # read 2133 W
[on_pzem_message] # read 2132 W
[on_pzem_message] # read 2133 W
[on_pzem_message] # read 2134 W
[on_pzem_message] # read 2134 W
[on_pzem_message] # read 2133 W
[on_pzem_message] # read 2132 W
[on_pzem_message] # read 2134 W
[on_pzem_message] # read 2133 W
[on_pzem_message] # read 2131 W
[on_pzem_message] # read 2131 W
 # power,average : 78,5;2132,0833333333335

# set power to 78.0%
[on_pzem_message] # read 2131 W
[on_pzem_message] # read 2132 W
[on_pzem_message] # read 2114 W
[on_pzem_message] # read 2133 W
[on_pzem_message] # read 2131 W
[on_pzem_message] # read 2131 W
[on_pzem_message] # read 2128 W
[on_pzem_message] # read 2128 W
[on_pzem_message] # read 2132 W
[on_pzem_message] # read 2132 W
[on_pzem_message] # read 2136 W
[on_pzem_message] # read 2134 W
 # power,average : 78,0;2130,1666666666665

# set power to 77.5%
[on_pzem_message] # read 2115 W
[on_pzem_message] # read 2115 W
[on_pzem_message] # read 2118 W
[on_pzem_message] # read 2120 W
[on_pzem_message] # read 2119 W
[on_pzem_message] # read 2100 W
[on_pzem_message] # read 2117 W
[on_pzem_message] # read 2119 W
[on_pzem_message] # read 2116 W
[on_pzem_message] # read 2116 W
[on_pzem_message] # read 2114 W
[on_pzem_message] # read 2114 W
 # power,average : 77,5;2115,25

# set power to 77.0%
[on_pzem_message] # read 2113 W
[on_pzem_message] # read 2115 W
[on_pzem_message] # read 2114 W
[on_pzem_message] # read 2114 W
[on_pzem_message] # read 2113 W
[on_pzem_message] # read 2114 W
[on_pzem_message] # read 2115 W
[on_pzem_message] # read 2109 W
[on_pzem_message] # read 2098 W
[on_pzem_message] # read 2118 W
[on_pzem_message] # read 2121 W
[on_pzem_message] # read 2119 W
 # power,average : 77,0;2113,5833333333335

# set power to 76.5%
[on_pzem_message] # read 2098 W
[on_pzem_message] # read 2097 W
[on_pzem_message] # read 2096 W
[on_pzem_message] # read 2097 W
[on_pzem_message] # read 2096 W
[on_pzem_message] # read 2098 W
[on_pzem_message] # read 2098 W
[on_pzem_message] # read 2097 W
[on_pzem_message] # read 2097 W
[on_pzem_message] # read 2096 W
[on_pzem_message] # read 2096 W
[on_pzem_message] # read 2083 W
 # power,average : 76,5;2095,75

# set power to 76.0%
[on_pzem_message] # read 2103 W
[on_pzem_message] # read 2102 W
[on_pzem_message] # read 2104 W
[on_pzem_message] # read 2102 W
[on_pzem_message] # read 2102 W
[on_pzem_message] # read 2103 W
[on_pzem_message] # read 2103 W
[on_pzem_message] # read 2102 W
[on_pzem_message] # read 2103 W
[on_pzem_message] # read 2100 W
[on_pzem_message] # read 2100 W
[on_pzem_message] # read 2099 W
 # power,average : 76,0;2101,9166666666665

# set power to 75.5%
[on_pzem_message] # read 2087 W
[on_pzem_message] # read 2087 W
[on_pzem_message] # read 2087 W
[on_pzem_message] # read 2087 W
[on_pzem_message] # read 2089 W
[on_pzem_message] # read 2087 W
[on_pzem_message] # read 2086 W
[on_pzem_message] # read 2088 W
[on_pzem_message] # read 2087 W
[on_pzem_message] # read 2086 W
[on_pzem_message] # read 2087 W
[on_pzem_message] # read 2088 W
 # power,average : 75,5;2087,1666666666665

# set power to 75.0%
[on_pzem_message] # read 2071 W
[on_pzem_message] # read 2064 W
[on_pzem_message] # read 2079 W
[on_pzem_message] # read 2081 W
[on_pzem_message] # read 2080 W
[on_pzem_message] # read 2080 W
[on_pzem_message] # read 2083 W
[on_pzem_message] # read 2080 W
[on_pzem_message] # read 2078 W
[on_pzem_message] # read 2077 W
[on_pzem_message] # read 2078 W
[on_pzem_message] # read 2079 W
 # power,average : 75,0;2077,5

# set power to 74.5%
[on_pzem_message] # read 2056 W
[on_pzem_message] # read 2058 W
[on_pzem_message] # read 2058 W
[on_pzem_message] # read 2038 W
[on_pzem_message] # read 2045 W
[on_pzem_message] # read 2057 W
[on_pzem_message] # read 2057 W
[on_pzem_message] # read 2058 W
[on_pzem_message] # read 2060 W
[on_pzem_message] # read 2060 W
[on_pzem_message] # read 2058 W
[on_pzem_message] # read 2059 W
 # power,average : 74,5;2055,3333333333335

# set power to 74.0%
[on_pzem_message] # read 2059 W
[on_pzem_message] # read 2057 W
[on_pzem_message] # read 2056 W
[on_pzem_message] # read 2056 W
[on_pzem_message] # read 2055 W
[on_pzem_message] # read 2054 W
[on_pzem_message] # read 2036 W
[on_pzem_message] # read 2036 W
[on_pzem_message] # read 2056 W
[on_pzem_message] # read 2055 W
[on_pzem_message] # read 2055 W
[on_pzem_message] # read 2059 W
 # power,average : 74,0;2052,8333333333335

# set power to 73.5%
[on_pzem_message] # read 2032 W
[on_pzem_message] # read 2036 W
[on_pzem_message] # read 2036 W
[on_pzem_message] # read 2035 W
[on_pzem_message] # read 2036 W
[on_pzem_message] # read 2036 W
[on_pzem_message] # read 2035 W
[on_pzem_message] # read 2034 W
[on_pzem_message] # read 2031 W
[on_pzem_message] # read 2018 W
[on_pzem_message] # read 2028 W
[on_pzem_message] # read 2036 W
 # power,average : 73,5;2032,75

# set power to 73.0%
[on_pzem_message] # read 2032 W
[on_pzem_message] # read 2033 W
[on_pzem_message] # read 2031 W
[on_pzem_message] # read 2033 W
[on_pzem_message] # read 2035 W
[on_pzem_message] # read 2036 W
[on_pzem_message] # read 2034 W
[on_pzem_message] # read 2034 W
[on_pzem_message] # read 2035 W
[on_pzem_message] # read 2035 W
[on_pzem_message] # read 2033 W
[on_pzem_message] # read 2035 W
 # power,average : 73,0;2033,8333333333333

# set power to 72.5%
[on_pzem_message] # read 2006 W
[on_pzem_message] # read 2005 W
[on_pzem_message] # read 2009 W
[on_pzem_message] # read 2011 W
[on_pzem_message] # read 2010 W
[on_pzem_message] # read 2008 W
[on_pzem_message] # read 2008 W
[on_pzem_message] # read 2005 W
[on_pzem_message] # read 2011 W
[on_pzem_message] # read 2010 W
[on_pzem_message] # read 2011 W
[on_pzem_message] # read 2012 W
 # power,average : 72,5;2008,8333333333333

# set power to 72.0%
[on_pzem_message] # read 2010 W
[on_pzem_message] # read 2009 W
[on_pzem_message] # read 2010 W
[on_pzem_message] # read 2009 W
[on_pzem_message] # read 2011 W
[on_pzem_message] # read 2011 W
[on_pzem_message] # read 2012 W
[on_pzem_message] # read 2014 W
[on_pzem_message] # read 2013 W
[on_pzem_message] # read 2011 W
[on_pzem_message] # read 2010 W
[on_pzem_message] # read 2008 W
 # power,average : 72,0;2010,6666666666667

# set power to 71.5%
[on_pzem_message] # read 1984 W
[on_pzem_message] # read 1980 W
[on_pzem_message] # read 1967 W
[on_pzem_message] # read 1984 W
[on_pzem_message] # read 1985 W
[on_pzem_message] # read 1983 W
[on_pzem_message] # read 1984 W
[on_pzem_message] # read 1987 W
[on_pzem_message] # read 1986 W
[on_pzem_message] # read 1987 W
[on_pzem_message] # read 1987 W
[on_pzem_message] # read 1986 W
 # power,average : 71,5;1983,3333333333333

# set power to 71.0%
[on_pzem_message] # read 1985 W
[on_pzem_message] # read 1988 W
[on_pzem_message] # read 1987 W
[on_pzem_message] # read 1987 W
[on_pzem_message] # read 1972 W
[on_pzem_message] # read 1967 W
[on_pzem_message] # read 1987 W
[on_pzem_message] # read 1989 W
[on_pzem_message] # read 1988 W
[on_pzem_message] # read 1990 W
[on_pzem_message] # read 1989 W
[on_pzem_message] # read 1987 W
 # power,average : 71,0;1984,6666666666667

# set power to 70.5%
[on_pzem_message] # read 1957 W
[on_pzem_message] # read 1955 W
[on_pzem_message] # read 1956 W
[on_pzem_message] # read 1956 W
[on_pzem_message] # read 1959 W
[on_pzem_message] # read 1960 W
[on_pzem_message] # read 1960 W
[on_pzem_message] # read 1948 W
[on_pzem_message] # read 1942 W
[on_pzem_message] # read 1960 W
[on_pzem_message] # read 1960 W
[on_pzem_message] # read 1959 W
 # power,average : 70,5;1956,0

# set power to 70.0%
[on_pzem_message] # read 1958 W
[on_pzem_message] # read 1960 W
[on_pzem_message] # read 1959 W
[on_pzem_message] # read 1961 W
[on_pzem_message] # read 1960 W
[on_pzem_message] # read 1960 W
[on_pzem_message] # read 1960 W
[on_pzem_message] # read 1957 W
[on_pzem_message] # read 1960 W
[on_pzem_message] # read 1961 W
[on_pzem_message] # read 1928 W
[on_pzem_message] # read 1960 W
 # power,average : 70,0;1957,0

# set power to 69.5%
[on_pzem_message] # read 1928 W
[on_pzem_message] # read 1928 W
[on_pzem_message] # read 1928 W
[on_pzem_message] # read 1929 W
[on_pzem_message] # read 1931 W
[on_pzem_message] # read 1931 W
[on_pzem_message] # read 1934 W
[on_pzem_message] # read 1932 W
[on_pzem_message] # read 1928 W
[on_pzem_message] # read 1931 W
[on_pzem_message] # read 1928 W
[on_pzem_message] # read 1930 W
 # power,average : 69,5;1929,8333333333333

# set power to 69.0%
[on_pzem_message] # read 1930 W
[on_pzem_message] # read 1928 W
[on_pzem_message] # read 1927 W
[on_pzem_message] # read 1930 W
[on_pzem_message] # read 1928 W
[on_pzem_message] # read 1928 W
[on_pzem_message] # read 1929 W
[on_pzem_message] # read 1926 W
[on_pzem_message] # read 1928 W
[on_pzem_message] # read 1926 W
[on_pzem_message] # read 1926 W
[on_pzem_message] # read 1925 W
 # power,average : 69,0;1927,5833333333333

# set power to 68.5%
[on_pzem_message] # read 1878 W
[on_pzem_message] # read 1896 W
[on_pzem_message] # read 1897 W
[on_pzem_message] # read 1895 W
[on_pzem_message] # read 1895 W
[on_pzem_message] # read 1893 W
[on_pzem_message] # read 1894 W
[on_pzem_message] # read 1895 W
[on_pzem_message] # read 1895 W
[on_pzem_message] # read 1894 W
[on_pzem_message] # read 1894 W
[on_pzem_message] # read 1894 W
 # power,average : 68,5;1893,3333333333333

# set power to 68.0%
[on_pzem_message] # read 1895 W
[on_pzem_message] # read 1890 W
[on_pzem_message] # read 1882 W
[on_pzem_message] # read 1896 W
[on_pzem_message] # read 1896 W
[on_pzem_message] # read 1895 W
[on_pzem_message] # read 1895 W
[on_pzem_message] # read 1896 W
[on_pzem_message] # read 1897 W
[on_pzem_message] # read 1897 W
[on_pzem_message] # read 1896 W
[on_pzem_message] # read 1898 W
 # power,average : 68,0;1894,4166666666667

# set power to 67.5%
[on_pzem_message] # read 1865 W
[on_pzem_message] # read 1865 W
[on_pzem_message] # read 1867 W
[on_pzem_message] # read 1870 W
[on_pzem_message] # read 1868 W
[on_pzem_message] # read 1853 W
[on_pzem_message] # read 1867 W
[on_pzem_message] # read 1870 W
[on_pzem_message] # read 1869 W
[on_pzem_message] # read 1866 W
[on_pzem_message] # read 1865 W
[on_pzem_message] # read 1863 W
 # power,average : 67,5;1865,6666666666667

# set power to 67.0%
[on_pzem_message] # read 1862 W
[on_pzem_message] # read 1864 W
[on_pzem_message] # read 1860 W
[on_pzem_message] # read 1860 W
[on_pzem_message] # read 1865 W
[on_pzem_message] # read 1862 W
[on_pzem_message] # read 1859 W
[on_pzem_message] # read 1852 W
[on_pzem_message] # read 1859 W
[on_pzem_message] # read 1867 W
[on_pzem_message] # read 1866 W
[on_pzem_message] # read 1856 W
 # power,average : 67,0;1861,0

# set power to 66.5%
[on_pzem_message] # read 1830 W
[on_pzem_message] # read 1831 W
[on_pzem_message] # read 1830 W
[on_pzem_message] # read 1832 W
[on_pzem_message] # read 1831 W
[on_pzem_message] # read 1831 W
[on_pzem_message] # read 1834 W
[on_pzem_message] # read 1831 W
[on_pzem_message] # read 1831 W
[on_pzem_message] # read 1831 W
[on_pzem_message] # read 1812 W
[on_pzem_message] # read 1813 W
 # power,average : 66,5;1828,0833333333333

# set power to 66.0%
[on_pzem_message] # read 1824 W
[on_pzem_message] # read 1822 W
[on_pzem_message] # read 1824 W
[on_pzem_message] # read 1822 W
[on_pzem_message] # read 1822 W
[on_pzem_message] # read 1823 W
[on_pzem_message] # read 1825 W
[on_pzem_message] # read 1824 W
[on_pzem_message] # read 1822 W
[on_pzem_message] # read 1823 W
[on_pzem_message] # read 1821 W
[on_pzem_message] # read 1821 W
 # power,average : 66,0;1822,75

# set power to 65.5%
[on_pzem_message] # read 1785 W
[on_pzem_message] # read 1785 W
[on_pzem_message] # read 1787 W
[on_pzem_message] # read 1786 W
[on_pzem_message] # read 1788 W
[on_pzem_message] # read 1788 W
[on_pzem_message] # read 1783 W
[on_pzem_message] # read 1785 W
[on_pzem_message] # read 1784 W
[on_pzem_message] # read 1784 W
[on_pzem_message] # read 1784 W
[on_pzem_message] # read 1783 W
 # power,average : 65,5;1785,1666666666667

# set power to 65.0%
[on_pzem_message] # read 1770 W
[on_pzem_message] # read 1775 W
[on_pzem_message] # read 1784 W
[on_pzem_message] # read 1783 W
[on_pzem_message] # read 1782 W
[on_pzem_message] # read 1781 W
[on_pzem_message] # read 1785 W
[on_pzem_message] # read 1787 W
[on_pzem_message] # read 1783 W
[on_pzem_message] # read 1786 W
[on_pzem_message] # read 1785 W
[on_pzem_message] # read 1786 W
 # power,average : 65,0;1782,25

# set power to 64.5%
[on_pzem_message] # read 1748 W
[on_pzem_message] # read 1747 W
[on_pzem_message] # read 1743 W
[on_pzem_message] # read 1734 W
[on_pzem_message] # read 1739 W
[on_pzem_message] # read 1747 W
[on_pzem_message] # read 1748 W
[on_pzem_message] # read 1746 W
[on_pzem_message] # read 1748 W
[on_pzem_message] # read 1748 W
[on_pzem_message] # read 1748 W
[on_pzem_message] # read 1747 W
 # power,average : 64,5;1745,25

# set power to 64.0%
[on_pzem_message] # read 1743 W
[on_pzem_message] # read 1743 W
[on_pzem_message] # read 1746 W
[on_pzem_message] # read 1743 W
[on_pzem_message] # read 1747 W
[on_pzem_message] # read 1746 W
[on_pzem_message] # read 1733 W
[on_pzem_message] # read 1747 W
[on_pzem_message] # read 1748 W
[on_pzem_message] # read 1749 W
[on_pzem_message] # read 1747 W
[on_pzem_message] # read 1747 W
 # power,average : 64,0;1744,9166666666667

# set power to 63.5%
[on_pzem_message] # read 1708 W
[on_pzem_message] # read 1707 W
[on_pzem_message] # read 1705 W
[on_pzem_message] # read 1703 W
[on_pzem_message] # read 1706 W
[on_pzem_message] # read 1706 W
[on_pzem_message] # read 1704 W
[on_pzem_message] # read 1707 W
[on_pzem_message] # read 1699 W
[on_pzem_message] # read 1693 W
[on_pzem_message] # read 1705 W
[on_pzem_message] # read 1709 W
 # power,average : 63,5;1704,3333333333333

# set power to 63.0%
[on_pzem_message] # read 1709 W
[on_pzem_message] # read 1709 W
[on_pzem_message] # read 1708 W
[on_pzem_message] # read 1707 W
[on_pzem_message] # read 1711 W
[on_pzem_message] # read 1714 W
[on_pzem_message] # read 1705 W
[on_pzem_message] # read 1712 W
[on_pzem_message] # read 1710 W
[on_pzem_message] # read 1712 W
[on_pzem_message] # read 1711 W
[on_pzem_message] # read 1708 W
 # power,average : 63,0;1709,6666666666667

# set power to 62.5%
[on_pzem_message] # read 1669 W
[on_pzem_message] # read 1669 W
[on_pzem_message] # read 1675 W
[on_pzem_message] # read 1678 W
[on_pzem_message] # read 1675 W
[on_pzem_message] # read 1676 W
[on_pzem_message] # read 1675 W
[on_pzem_message] # read 1675 W
[on_pzem_message] # read 1675 W
[on_pzem_message] # read 1676 W
[on_pzem_message] # read 1676 W
[on_pzem_message] # read 1677 W
 # power,average : 62,5;1674,6666666666667

# set power to 62.0%
[on_pzem_message] # read 1676 W
[on_pzem_message] # read 1677 W
[on_pzem_message] # read 1677 W
[on_pzem_message] # read 1676 W
[on_pzem_message] # read 1675 W
[on_pzem_message] # read 1677 W
[on_pzem_message] # read 1678 W
[on_pzem_message] # read 1676 W
[on_pzem_message] # read 1676 W
[on_pzem_message] # read 1677 W
[on_pzem_message] # read 1677 W
[on_pzem_message] # read 1676 W
 # power,average : 62,0;1676,5

# set power to 61.5%
[on_pzem_message] # read 1637 W
[on_pzem_message] # read 1628 W
[on_pzem_message] # read 1623 W
[on_pzem_message] # read 1638 W
[on_pzem_message] # read 1639 W
[on_pzem_message] # read 1636 W
[on_pzem_message] # read 1635 W
[on_pzem_message] # read 1634 W
[on_pzem_message] # read 1633 W
[on_pzem_message] # read 1633 W
[on_pzem_message] # read 1633 W
[on_pzem_message] # read 1634 W
 # power,average : 61,5;1633,5833333333333

# set power to 61.0%
[on_pzem_message] # read 1627 W
[on_pzem_message] # read 1628 W
[on_pzem_message] # read 1626 W
[on_pzem_message] # read 1625 W
[on_pzem_message] # read 1609 W
[on_pzem_message] # read 1618 W
[on_pzem_message] # read 1625 W
[on_pzem_message] # read 1628 W
[on_pzem_message] # read 1627 W
[on_pzem_message] # read 1627 W
[on_pzem_message] # read 1627 W
[on_pzem_message] # read 1627 W
 # power,average : 61,0;1624,5

# set power to 60.5%
[on_pzem_message] # read 1584 W
[on_pzem_message] # read 1583 W
[on_pzem_message] # read 1582 W
[on_pzem_message] # read 1588 W
[on_pzem_message] # read 1587 W
[on_pzem_message] # read 1583 W
[on_pzem_message] # read 1585 W
[on_pzem_message] # read 1575 W
[on_pzem_message] # read 1573 W
[on_pzem_message] # read 1581 W
[on_pzem_message] # read 1587 W
[on_pzem_message] # read 1588 W
 # power,average : 60,5;1583,0

# set power to 60.0%
[on_pzem_message] # read 1587 W
[on_pzem_message] # read 1586 W
[on_pzem_message] # read 1586 W
[on_pzem_message] # read 1588 W
[on_pzem_message] # read 1586 W
[on_pzem_message] # read 1577 W
[on_pzem_message] # read 1585 W
[on_pzem_message] # read 1590 W
[on_pzem_message] # read 1585 W
[on_pzem_message] # read 1584 W
[on_pzem_message] # read 1572 W
[on_pzem_message] # read 1580 W
 # power,average : 60,0;1583,8333333333333

# set power to 59.5%
[on_pzem_message] # read 1542 W
[on_pzem_message] # read 1548 W
[on_pzem_message] # read 1546 W
[on_pzem_message] # read 1544 W
[on_pzem_message] # read 1548 W
[on_pzem_message] # read 1550 W
[on_pzem_message] # read 1544 W
[on_pzem_message] # read 1547 W
[on_pzem_message] # read 1547 W
[on_pzem_message] # read 1544 W
[on_pzem_message] # read 1547 W
[on_pzem_message] # read 1546 W
 # power,average : 59,5;1546,0833333333333

# set power to 59.0%
[on_pzem_message] # read 1546 W
[on_pzem_message] # read 1546 W
[on_pzem_message] # read 1547 W
[on_pzem_message] # read 1545 W
[on_pzem_message] # read 1546 W
[on_pzem_message] # read 1544 W
[on_pzem_message] # read 1544 W
[on_pzem_message] # read 1545 W
[on_pzem_message] # read 1544 W
[on_pzem_message] # read 1545 W
[on_pzem_message] # read 1546 W
[on_pzem_message] # read 1544 W
 # power,average : 59,0;1545,1666666666667

# set power to 58.5%
[on_pzem_message] # read 1491 W
[on_pzem_message] # read 1507 W
[on_pzem_message] # read 1504 W
[on_pzem_message] # read 1503 W
[on_pzem_message] # read 1504 W
[on_pzem_message] # read 1506 W
[on_pzem_message] # read 1505 W
[on_pzem_message] # read 1505 W
[on_pzem_message] # read 1505 W
[on_pzem_message] # read 1505 W
[on_pzem_message] # read 1506 W
[on_pzem_message] # read 1507 W
 # power,average : 58,5;1504,0

# set power to 58.0%
[on_pzem_message] # read 1508 W
[on_pzem_message] # read 1508 W
[on_pzem_message] # read 1500 W
[on_pzem_message] # read 1499 W
[on_pzem_message] # read 1509 W
[on_pzem_message] # read 1506 W
[on_pzem_message] # read 1508 W
[on_pzem_message] # read 1509 W
[on_pzem_message] # read 1508 W
[on_pzem_message] # read 1511 W
[on_pzem_message] # read 1510 W
[on_pzem_message] # read 1510 W
 # power,average : 58,0;1507,1666666666667

# set power to 57.5%
[on_pzem_message] # read 1468 W
[on_pzem_message] # read 1467 W
[on_pzem_message] # read 1466 W
[on_pzem_message] # read 1466 W
[on_pzem_message] # read 1465 W
[on_pzem_message] # read 1451 W
[on_pzem_message] # read 1453 W
[on_pzem_message] # read 1463 W
[on_pzem_message] # read 1465 W
[on_pzem_message] # read 1466 W
[on_pzem_message] # read 1464 W
[on_pzem_message] # read 1466 W
 # power,average : 57,5;1463,3333333333333

# set power to 57.0%
[on_pzem_message] # read 1465 W
[on_pzem_message] # read 1465 W
[on_pzem_message] # read 1466 W
[on_pzem_message] # read 1464 W
[on_pzem_message] # read 1467 W
[on_pzem_message] # read 1466 W
[on_pzem_message] # read 1466 W
[on_pzem_message] # read 1467 W
[on_pzem_message] # read 1455 W
[on_pzem_message] # read 1465 W
[on_pzem_message] # read 1467 W
[on_pzem_message] # read 1467 W
 # power,average : 57,0;1465,0

# set power to 56.5%
[on_pzem_message] # read 1426 W
[on_pzem_message] # read 1425 W
[on_pzem_message] # read 1427 W
[on_pzem_message] # read 1424 W
[on_pzem_message] # read 1428 W
[on_pzem_message] # read 1427 W
[on_pzem_message] # read 1427 W
[on_pzem_message] # read 1426 W
[on_pzem_message] # read 1425 W
[on_pzem_message] # read 1425 W
[on_pzem_message] # read 1425 W
[on_pzem_message] # read 1418 W
 # power,average : 56,5;1425,25

# set power to 56.0%
[on_pzem_message] # read 1432 W
[on_pzem_message] # read 1432 W
[on_pzem_message] # read 1433 W
[on_pzem_message] # read 1433 W
[on_pzem_message] # read 1436 W
[on_pzem_message] # read 1435 W
[on_pzem_message] # read 1437 W
[on_pzem_message] # read 1437 W
[on_pzem_message] # read 1437 W
[on_pzem_message] # read 1436 W
[on_pzem_message] # read 1434 W
[on_pzem_message] # read 1433 W
 # power,average : 56,0;1434,5833333333333

# set power to 55.5%
[on_pzem_message] # read 1385 W
[on_pzem_message] # read 1385 W
[on_pzem_message] # read 1386 W
[on_pzem_message] # read 1386 W
[on_pzem_message] # read 1386 W
[on_pzem_message] # read 1386 W
[on_pzem_message] # read 1388 W
[on_pzem_message] # read 1389 W
[on_pzem_message] # read 1390 W
[on_pzem_message] # read 1390 W
[on_pzem_message] # read 1389 W
[on_pzem_message] # read 1389 W
 # power,average : 55,5;1387,4166666666667

# set power to 55.0%
[on_pzem_message] # read 1389 W
[on_pzem_message] # read 1377 W
[on_pzem_message] # read 1387 W
[on_pzem_message] # read 1387 W
[on_pzem_message] # read 1388 W
[on_pzem_message] # read 1389 W
[on_pzem_message] # read 1389 W
[on_pzem_message] # read 1389 W
[on_pzem_message] # read 1389 W
[on_pzem_message] # read 1387 W
[on_pzem_message] # read 1387 W
[on_pzem_message] # read 1388 W
 # power,average : 55,0;1387,1666666666667

# set power to 54.5%
[on_pzem_message] # read 1345 W
[on_pzem_message] # read 1346 W
[on_pzem_message] # read 1347 W
[on_pzem_message] # read 1339 W
[on_pzem_message] # read 1339 W
[on_pzem_message] # read 1348 W
[on_pzem_message] # read 1347 W
[on_pzem_message] # read 1348 W
[on_pzem_message] # read 1347 W
[on_pzem_message] # read 1350 W
[on_pzem_message] # read 1349 W
[on_pzem_message] # read 1349 W
 # power,average : 54,5;1346,1666666666667

# set power to 54.0%
[on_pzem_message] # read 1349 W
[on_pzem_message] # read 1347 W
[on_pzem_message] # read 1347 W
[on_pzem_message] # read 1348 W
[on_pzem_message] # read 1346 W
[on_pzem_message] # read 1347 W
[on_pzem_message] # read 1343 W
[on_pzem_message] # read 1334 W
[on_pzem_message] # read 1346 W
[on_pzem_message] # read 1347 W
[on_pzem_message] # read 1346 W
[on_pzem_message] # read 1346 W
 # power,average : 54,0;1345,5

# set power to 53.5%
[on_pzem_message] # read 1303 W
[on_pzem_message] # read 1302 W
[on_pzem_message] # read 1303 W
[on_pzem_message] # read 1303 W
[on_pzem_message] # read 1303 W
[on_pzem_message] # read 1304 W
[on_pzem_message] # read 1303 W
[on_pzem_message] # read 1301 W
[on_pzem_message] # read 1302 W
[on_pzem_message] # read 1290 W
[on_pzem_message] # read 1292 W
[on_pzem_message] # read 1301 W
 # power,average : 53,5;1300,5833333333333

# set power to 53.0%
[on_pzem_message] # read 1303 W
[on_pzem_message] # read 1303 W
[on_pzem_message] # read 1303 W
[on_pzem_message] # read 1303 W
[on_pzem_message] # read 1302 W
[on_pzem_message] # read 1302 W
[on_pzem_message] # read 1303 W
[on_pzem_message] # read 1304 W
[on_pzem_message] # read 1304 W
[on_pzem_message] # read 1303 W
[on_pzem_message] # read 1303 W
[on_pzem_message] # read 1303 W
 # power,average : 53,0;1303,0

# set power to 52.5%
[on_pzem_message] # read 1258 W
[on_pzem_message] # read 1259 W
[on_pzem_message] # read 1258 W
[on_pzem_message] # read 1257 W
[on_pzem_message] # read 1259 W
[on_pzem_message] # read 1260 W
[on_pzem_message] # read 1259 W
[on_pzem_message] # read 1262 W
[on_pzem_message] # read 1261 W
[on_pzem_message] # read 1260 W
[on_pzem_message] # read 1260 W
[on_pzem_message] # read 1261 W
 # power,average : 52,5;1259,5

# set power to 52.0%
[on_pzem_message] # read 1250 W
[on_pzem_message] # read 1259 W
[on_pzem_message] # read 1259 W
[on_pzem_message] # read 1259 W
[on_pzem_message] # read 1261 W
[on_pzem_message] # read 1260 W
[on_pzem_message] # read 1260 W
[on_pzem_message] # read 1259 W
[on_pzem_message] # read 1260 W
[on_pzem_message] # read 1259 W
[on_pzem_message] # read 1260 W
[on_pzem_message] # read 1260 W
 # power,average : 52,0;1258,8333333333333

# set power to 51.5%
[on_pzem_message] # read 1215 W
[on_pzem_message] # read 1215 W
[on_pzem_message] # read 1206 W
[on_pzem_message] # read 1205 W
[on_pzem_message] # read 1217 W
[on_pzem_message] # read 1218 W
[on_pzem_message] # read 1218 W
[on_pzem_message] # read 1216 W
[on_pzem_message] # read 1208 W
[on_pzem_message] # read 1213 W
[on_pzem_message] # read 1211 W
[on_pzem_message] # read 1213 W
 # power,average : 51,5;1212,9166666666667

# set power to 51.0%
[on_pzem_message] # read 1213 W
[on_pzem_message] # read 1212 W
[on_pzem_message] # read 1213 W
[on_pzem_message] # read 1214 W
[on_pzem_message] # read 1208 W
[on_pzem_message] # read 1206 W
[on_pzem_message] # read 1210 W
[on_pzem_message] # read 1217 W
[on_pzem_message] # read 1217 W
[on_pzem_message] # read 1217 W
[on_pzem_message] # read 1218 W
[on_pzem_message] # read 1218 W
 # power,average : 51,0;1213,5833333333333

# set power to 50.5%
[on_pzem_message] # read 1173 W
[on_pzem_message] # read 1173 W
[on_pzem_message] # read 1173 W
[on_pzem_message] # read 1170 W
[on_pzem_message] # read 1171 W
[on_pzem_message] # read 1172 W
[on_pzem_message] # read 1172 W
[on_pzem_message] # read 1167 W
[on_pzem_message] # read 1161 W
[on_pzem_message] # read 1162 W
[on_pzem_message] # read 1170 W
[on_pzem_message] # read 1171 W
 # power,average : 50,5;1169,5833333333333

# set power to 50.0%
[on_pzem_message] # read 1174 W
[on_pzem_message] # read 1175 W
[on_pzem_message] # read 1174 W
[on_pzem_message] # read 1175 W
[on_pzem_message] # read 1176 W
[on_pzem_message] # read 1177 W
[on_pzem_message] # read 1177 W
[on_pzem_message] # read 1175 W
[on_pzem_message] # read 1175 W
[on_pzem_message] # read 1172 W
[on_pzem_message] # read 1164 W
[on_pzem_message] # read 1164 W
 # power,average : 50,0;1173,1666666666667

# set power to 49.5%
[on_pzem_message] # read 1129 W
[on_pzem_message] # read 1130 W
[on_pzem_message] # read 1129 W
[on_pzem_message] # read 1130 W
[on_pzem_message] # read 1130 W
[on_pzem_message] # read 1129 W
[on_pzem_message] # read 1130 W
[on_pzem_message] # read 1129 W
[on_pzem_message] # read 1128 W
[on_pzem_message] # read 1127 W
[on_pzem_message] # read 1127 W
[on_pzem_message] # read 1127 W
 # power,average : 49,5;1128,75

# set power to 49.0%
[on_pzem_message] # read 1121 W
[on_pzem_message] # read 1119 W
[on_pzem_message] # read 1121 W
[on_pzem_message] # read 1120 W
[on_pzem_message] # read 1122 W
[on_pzem_message] # read 1122 W
[on_pzem_message] # read 1121 W
[on_pzem_message] # read 1122 W
[on_pzem_message] # read 1122 W
[on_pzem_message] # read 1121 W
[on_pzem_message] # read 1120 W
[on_pzem_message] # read 1120 W
 # power,average : 49,0;1120,9166666666667

# set power to 48.5%
[on_pzem_message] # read 1066 W
[on_pzem_message] # read 1075 W
[on_pzem_message] # read 1076 W
[on_pzem_message] # read 1076 W
[on_pzem_message] # read 1077 W
[on_pzem_message] # read 1077 W
[on_pzem_message] # read 1077 W
[on_pzem_message] # read 1077 W
[on_pzem_message] # read 1077 W
[on_pzem_message] # read 1077 W
[on_pzem_message] # read 1075 W
[on_pzem_message] # read 1077 W
 # power,average : 48,5;1075,5833333333333

# set power to 48.0%
[on_pzem_message] # read 1077 W
[on_pzem_message] # read 1078 W
[on_pzem_message] # read 1078 W
[on_pzem_message] # read 1069 W
[on_pzem_message] # read 1070 W
[on_pzem_message] # read 1080 W
[on_pzem_message] # read 1080 W
[on_pzem_message] # read 1079 W
[on_pzem_message] # read 1079 W
[on_pzem_message] # read 1079 W
[on_pzem_message] # read 1078 W
[on_pzem_message] # read 1079 W
 # power,average : 48,0;1077,1666666666667

# set power to 47.5%
[on_pzem_message] # read 1032 W
[on_pzem_message] # read 1033 W
[on_pzem_message] # read 1034 W
[on_pzem_message] # read 1032 W
[on_pzem_message] # read 1031 W
[on_pzem_message] # read 1031 W
[on_pzem_message] # read 1021 W
[on_pzem_message] # read 1029 W
[on_pzem_message] # read 1031 W
[on_pzem_message] # read 1031 W
[on_pzem_message] # read 1031 W
[on_pzem_message] # read 1031 W
 # power,average : 47,5;1030,5833333333333

# set power to 47.0%
[on_pzem_message] # read 1033 W
[on_pzem_message] # read 1031 W
[on_pzem_message] # read 1031 W
[on_pzem_message] # read 1029 W
[on_pzem_message] # read 1032 W
[on_pzem_message] # read 1030 W
[on_pzem_message] # read 1031 W
[on_pzem_message] # read 1030 W
[on_pzem_message] # read 1025 W
[on_pzem_message] # read 1022 W
[on_pzem_message] # read 1023 W
[on_pzem_message] # read 1033 W
 # power,average : 47,0;1029,1666666666667

# set power to 46.5%
[on_pzem_message] # read 985 W
[on_pzem_message] # read 989 W
[on_pzem_message] # read 987 W
[on_pzem_message] # read 987 W
[on_pzem_message] # read 986 W
[on_pzem_message] # read 988 W
[on_pzem_message] # read 987 W
[on_pzem_message] # read 986 W
[on_pzem_message] # read 987 W
[on_pzem_message] # read 988 W
[on_pzem_message] # read 988 W
[on_pzem_message] # read 981 W
 # power,average : 46,5;986,5833333333334

# set power to 46.0%
[on_pzem_message] # read 989 W
[on_pzem_message] # read 989 W
[on_pzem_message] # read 989 W
[on_pzem_message] # read 988 W
[on_pzem_message] # read 985 W
[on_pzem_message] # read 988 W
[on_pzem_message] # read 988 W
[on_pzem_message] # read 987 W
[on_pzem_message] # read 987 W
[on_pzem_message] # read 987 W
[on_pzem_message] # read 987 W
[on_pzem_message] # read 985 W
 # power,average : 46,0;987,4166666666666

# set power to 45.5%
[on_pzem_message] # read 939 W
[on_pzem_message] # read 941 W
[on_pzem_message] # read 941 W
[on_pzem_message] # read 943 W
[on_pzem_message] # read 941 W
[on_pzem_message] # read 939 W
[on_pzem_message] # read 941 W
[on_pzem_message] # read 936 W
[on_pzem_message] # read 941 W
[on_pzem_message] # read 941 W
[on_pzem_message] # read 941 W
[on_pzem_message] # read 935 W
 # power,average : 45,5;939,9166666666666

# set power to 45.0%
[on_pzem_message] # read 938 W
[on_pzem_message] # read 930 W
[on_pzem_message] # read 933 W
[on_pzem_message] # read 940 W
[on_pzem_message] # read 940 W
[on_pzem_message] # read 938 W
[on_pzem_message] # read 939 W
[on_pzem_message] # read 939 W
[on_pzem_message] # read 941 W
[on_pzem_message] # read 939 W
[on_pzem_message] # read 938 W
[on_pzem_message] # read 938 W
 # power,average : 45,0;937,75

# set power to 44.5%
[on_pzem_message] # read 893 W
[on_pzem_message] # read 894 W
[on_pzem_message] # read 895 W
[on_pzem_message] # read 892 W
[on_pzem_message] # read 887 W
[on_pzem_message] # read 888 W
[on_pzem_message] # read 896 W
[on_pzem_message] # read 895 W
[on_pzem_message] # read 894 W
[on_pzem_message] # read 895 W
[on_pzem_message] # read 894 W
[on_pzem_message] # read 890 W
 # power,average : 44,5;892,75

# set power to 44.0%
[on_pzem_message] # read 898 W
[on_pzem_message] # read 900 W
[on_pzem_message] # read 899 W
[on_pzem_message] # read 899 W
[on_pzem_message] # read 899 W
[on_pzem_message] # read 899 W
[on_pzem_message] # read 895 W
[on_pzem_message] # read 888 W
[on_pzem_message] # read 888 W
[on_pzem_message] # read 894 W
[on_pzem_message] # read 894 W
[on_pzem_message] # read 896 W
 # power,average : 44,0;895,75

# set power to 43.5%
[on_pzem_message] # read 854 W
[on_pzem_message] # read 849 W
[on_pzem_message] # read 853 W
[on_pzem_message] # read 851 W
[on_pzem_message] # read 852 W
[on_pzem_message] # read 853 W
[on_pzem_message] # read 854 W
[on_pzem_message] # read 850 W
[on_pzem_message] # read 851 W
[on_pzem_message] # read 842 W
[on_pzem_message] # read 842 W
[on_pzem_message] # read 849 W
 # power,average : 43,5;850,0

# set power to 43.0%
[on_pzem_message] # read 850 W
[on_pzem_message] # read 850 W
[on_pzem_message] # read 851 W
[on_pzem_message] # read 850 W
[on_pzem_message] # read 851 W
[on_pzem_message] # read 851 W
[on_pzem_message] # read 851 W
[on_pzem_message] # read 851 W
[on_pzem_message] # read 850 W
[on_pzem_message] # read 851 W
[on_pzem_message] # read 850 W
[on_pzem_message] # read 848 W
 # power,average : 43,0;850,3333333333334

# set power to 42.5%
[on_pzem_message] # read 806 W
[on_pzem_message] # read 807 W
[on_pzem_message] # read 807 W
[on_pzem_message] # read 806 W
[on_pzem_message] # read 806 W
[on_pzem_message] # read 805 W
[on_pzem_message] # read 806 W
[on_pzem_message] # read 806 W
[on_pzem_message] # read 808 W
[on_pzem_message] # read 806 W
[on_pzem_message] # read 805 W
[on_pzem_message] # read 805 W
 # power,average : 42,5;806,0833333333334

# set power to 42.0%
[on_pzem_message] # read 798 W
[on_pzem_message] # read 806 W
[on_pzem_message] # read 805 W
[on_pzem_message] # read 807 W
[on_pzem_message] # read 805 W
[on_pzem_message] # read 806 W
[on_pzem_message] # read 807 W
[on_pzem_message] # read 807 W
[on_pzem_message] # read 803 W
[on_pzem_message] # read 801 W
[on_pzem_message] # read 799 W
[on_pzem_message] # read 806 W
 # power,average : 42,0;804,1666666666666

# set power to 41.5%
[on_pzem_message] # read 761 W
[on_pzem_message] # read 756 W
[on_pzem_message] # read 746 W
[on_pzem_message] # read 759 W
[on_pzem_message] # read 762 W
[on_pzem_message] # read 763 W
[on_pzem_message] # read 764 W
[on_pzem_message] # read 761 W
[on_pzem_message] # read 761 W
[on_pzem_message] # read 762 W
[on_pzem_message] # read 762 W
[on_pzem_message] # read 762 W
 # power,average : 41,5;759,9166666666666

# set power to 41.0%
[on_pzem_message] # read 764 W
[on_pzem_message] # read 763 W
[on_pzem_message] # read 763 W
[on_pzem_message] # read 763 W
[on_pzem_message] # read 763 W
[on_pzem_message] # read 756 W
[on_pzem_message] # read 760 W
[on_pzem_message] # read 761 W
[on_pzem_message] # read 764 W
[on_pzem_message] # read 760 W
[on_pzem_message] # read 760 W
[on_pzem_message] # read 763 W
 # power,average : 41,0;761,6666666666666

# set power to 40.5%
[on_pzem_message] # read 717 W
[on_pzem_message] # read 718 W
[on_pzem_message] # read 719 W
[on_pzem_message] # read 719 W
[on_pzem_message] # read 714 W
[on_pzem_message] # read 718 W
[on_pzem_message] # read 715 W
[on_pzem_message] # read 720 W
[on_pzem_message] # read 714 W
[on_pzem_message] # read 713 W
[on_pzem_message] # read 718 W
[on_pzem_message] # read 721 W
 # power,average : 40,5;717,1666666666666

# set power to 40.0%
[on_pzem_message] # read 723 W
[on_pzem_message] # read 721 W
[on_pzem_message] # read 722 W
[on_pzem_message] # read 723 W
[on_pzem_message] # read 722 W
[on_pzem_message] # read 720 W
[on_pzem_message] # read 722 W
[on_pzem_message] # read 722 W
[on_pzem_message] # read 723 W
[on_pzem_message] # read 721 W
[on_pzem_message] # read 717 W
[on_pzem_message] # read 715 W
 # power,average : 40,0;720,9166666666666

# set power to 39.5%
[on_pzem_message] # read 678 W
[on_pzem_message] # read 678 W
[on_pzem_message] # read 678 W
[on_pzem_message] # read 677 W
[on_pzem_message] # read 675 W
[on_pzem_message] # read 676 W
[on_pzem_message] # read 677 W
[on_pzem_message] # read 678 W
[on_pzem_message] # read 679 W
[on_pzem_message] # read 679 W
[on_pzem_message] # read 677 W
[on_pzem_message] # read 679 W
 # power,average : 39,5;677,5833333333334

# set power to 39.0%
[on_pzem_message] # read 680 W
[on_pzem_message] # read 678 W
[on_pzem_message] # read 678 W
[on_pzem_message] # read 678 W
[on_pzem_message] # read 679 W
[on_pzem_message] # read 679 W
[on_pzem_message] # read 679 W
[on_pzem_message] # read 677 W
[on_pzem_message] # read 678 W
[on_pzem_message] # read 677 W
[on_pzem_message] # read 673 W
[on_pzem_message] # read 678 W
 # power,average : 39,0;677,8333333333334

# set power to 38.5%
[on_pzem_message] # read 631 W
[on_pzem_message] # read 637 W
[on_pzem_message] # read 636 W
[on_pzem_message] # read 637 W
[on_pzem_message] # read 637 W
[on_pzem_message] # read 636 W
[on_pzem_message] # read 634 W
[on_pzem_message] # read 638 W
[on_pzem_message] # read 636 W
[on_pzem_message] # read 639 W
[on_pzem_message] # read 639 W
[on_pzem_message] # read 637 W
 # power,average : 38,5;636,4166666666666

# set power to 38.0%
[on_pzem_message] # read 638 W
[on_pzem_message] # read 639 W
[on_pzem_message] # read 633 W
[on_pzem_message] # read 633 W
[on_pzem_message] # read 637 W
[on_pzem_message] # read 635 W
[on_pzem_message] # read 638 W
[on_pzem_message] # read 638 W
[on_pzem_message] # read 638 W
[on_pzem_message] # read 637 W
[on_pzem_message] # read 637 W
[on_pzem_message] # read 639 W
 # power,average : 38,0;636,8333333333334

# set power to 37.5%
[on_pzem_message] # read 596 W
[on_pzem_message] # read 596 W
[on_pzem_message] # read 596 W
[on_pzem_message] # read 598 W
[on_pzem_message] # read 597 W
[on_pzem_message] # read 593 W
[on_pzem_message] # read 593 W
[on_pzem_message] # read 598 W
[on_pzem_message] # read 600 W
[on_pzem_message] # read 600 W
[on_pzem_message] # read 600 W
[on_pzem_message] # read 599 W
 # power,average : 37,5;597,1666666666666

# set power to 37.0%
[on_pzem_message] # read 600 W
[on_pzem_message] # read 600 W
[on_pzem_message] # read 599 W
[on_pzem_message] # read 599 W
[on_pzem_message] # read 600 W
[on_pzem_message] # read 600 W
[on_pzem_message] # read 2363 W
[on_pzem_message] # read 2352 W
[on_pzem_message] # read 2330 W
[on_pzem_message] # read 2323 W
[on_pzem_message] # read 2340 W
[on_pzem_message] # read 2336 W
 # power,average : 37,0;1470,1666666666667

# set power to 36.5%
[on_pzem_message] # read 555 W
[on_pzem_message] # read 556 W
[on_pzem_message] # read 556 W
[on_pzem_message] # read 556 W
[on_pzem_message] # read 556 W
[on_pzem_message] # read 556 W
[on_pzem_message] # read 557 W
[on_pzem_message] # read 556 W
[on_pzem_message] # read 557 W
[on_pzem_message] # read 555 W
[on_pzem_message] # read 556 W
[on_pzem_message] # read 552 W
 # power,average : 36,5;555,6666666666666

# set power to 36.0%
[on_pzem_message] # read 557 W
[on_pzem_message] # read 557 W
[on_pzem_message] # read 557 W
[on_pzem_message] # read 557 W
[on_pzem_message] # read 558 W
[on_pzem_message] # read 558 W
[on_pzem_message] # read 557 W
[on_pzem_message] # read 558 W
[on_pzem_message] # read 557 W
[on_pzem_message] # read 557 W
[on_pzem_message] # read 560 W
[on_pzem_message] # read 560 W
 # power,average : 36,0;557,75

# set power to 35.5%
[on_pzem_message] # read 518 W
[on_pzem_message] # read 519 W
[on_pzem_message] # read 518 W
[on_pzem_message] # read 519 W
[on_pzem_message] # read 518 W
[on_pzem_message] # read 518 W
[on_pzem_message] # read 518 W
[on_pzem_message] # read 518 W
[on_pzem_message] # read 519 W
[on_pzem_message] # read 519 W
[on_pzem_message] # read 517 W
[on_pzem_message] # read 518 W
 # power,average : 35,5;518,25

# set power to 35.0%
[on_pzem_message] # read 519 W
[on_pzem_message] # read 516 W
[on_pzem_message] # read 517 W
[on_pzem_message] # read 520 W
[on_pzem_message] # read 522 W
[on_pzem_message] # read 521 W
[on_pzem_message] # read 521 W
[on_pzem_message] # read 522 W
[on_pzem_message] # read 521 W
[on_pzem_message] # read 521 W
[on_pzem_message] # read 521 W
[on_pzem_message] # read 522 W
 # power,average : 35,0;520,25

# set power to 34.5%
[on_pzem_message] # read 484 W
[on_pzem_message] # read 484 W
[on_pzem_message] # read 484 W
[on_pzem_message] # read 482 W
[on_pzem_message] # read 479 W
[on_pzem_message] # read 481 W
[on_pzem_message] # read 484 W
[on_pzem_message] # read 482 W
[on_pzem_message] # read 484 W
[on_pzem_message] # read 485 W
[on_pzem_message] # read 484 W
[on_pzem_message] # read 484 W
 # power,average : 34,5;483,0833333333333

# set power to 34.0%
[on_pzem_message] # read 485 W
[on_pzem_message] # read 485 W
[on_pzem_message] # read 483 W
[on_pzem_message] # read 484 W
[on_pzem_message] # read 484 W
[on_pzem_message] # read 484 W
[on_pzem_message] # read 482 W
[on_pzem_message] # read 481 W
[on_pzem_message] # read 485 W
[on_pzem_message] # read 483 W
[on_pzem_message] # read 483 W
[on_pzem_message] # read 484 W
 # power,average : 34,0;483,5833333333333

# set power to 33.5%
[on_pzem_message] # read 447 W
[on_pzem_message] # read 447 W
[on_pzem_message] # read 447 W
[on_pzem_message] # read 447 W
[on_pzem_message] # read 448 W
[on_pzem_message] # read 447 W
[on_pzem_message] # read 447 W
[on_pzem_message] # read 448 W
[on_pzem_message] # read 447 W
[on_pzem_message] # read 443 W
[on_pzem_message] # read 444 W
[on_pzem_message] # read 447 W
 # power,average : 33,5;446,5833333333333

# set power to 33.0%
[on_pzem_message] # read 448 W
[on_pzem_message] # read 449 W
[on_pzem_message] # read 450 W
[on_pzem_message] # read 450 W
[on_pzem_message] # read 450 W
[on_pzem_message] # read 450 W
[on_pzem_message] # read 450 W
[on_pzem_message] # read 449 W
[on_pzem_message] # read 450 W
[on_pzem_message] # read 450 W
[on_pzem_message] # read 449 W
[on_pzem_message] # read 446 W
 # power,average : 33,0;449,25

# set power to 32.5%
[on_pzem_message] # read 414 W
[on_pzem_message] # read 414 W
[on_pzem_message] # read 413 W
[on_pzem_message] # read 415 W
[on_pzem_message] # read 415 W
[on_pzem_message] # read 415 W
[on_pzem_message] # read 416 W
[on_pzem_message] # read 417 W
[on_pzem_message] # read 417 W
[on_pzem_message] # read 417 W
[on_pzem_message] # read 416 W
[on_pzem_message] # read 417 W
 # power,average : 32,5;415,5

# set power to 32.0%
[on_pzem_message] # read 415 W
[on_pzem_message] # read 415 W
[on_pzem_message] # read 415 W
[on_pzem_message] # read 415 W
[on_pzem_message] # read 415 W
[on_pzem_message] # read 414 W
[on_pzem_message] # read 415 W
[on_pzem_message] # read 415 W
[on_pzem_message] # read 415 W
[on_pzem_message] # read 416 W
[on_pzem_message] # read 416 W
[on_pzem_message] # read 415 W
 # power,average : 32,0;415,0833333333333

# set power to 31.5%
[on_pzem_message] # read 384 W
[on_pzem_message] # read 381 W
[on_pzem_message] # read 381 W
[on_pzem_message] # read 383 W
[on_pzem_message] # read 383 W
[on_pzem_message] # read 383 W
[on_pzem_message] # read 384 W
[on_pzem_message] # read 384 W
[on_pzem_message] # read 384 W
[on_pzem_message] # read 384 W
[on_pzem_message] # read 383 W
[on_pzem_message] # read 383 W
 # power,average : 31,5;383,0833333333333

# set power to 31.0%
[on_pzem_message] # read 381 W
[on_pzem_message] # read 381 W
[on_pzem_message] # read 382 W
[on_pzem_message] # read 380 W
[on_pzem_message] # read 379 W
[on_pzem_message] # read 381 W
[on_pzem_message] # read 382 W
[on_pzem_message] # read 382 W
[on_pzem_message] # read 382 W
[on_pzem_message] # read 381 W
[on_pzem_message] # read 382 W
[on_pzem_message] # read 383 W
 # power,average : 31,0;381,3333333333333

# set power to 30.5%
[on_pzem_message] # read 352 W
[on_pzem_message] # read 352 W
[on_pzem_message] # read 352 W
[on_pzem_message] # read 351 W
[on_pzem_message] # read 351 W
[on_pzem_message] # read 352 W
[on_pzem_message] # read 349 W
[on_pzem_message] # read 347 W
[on_pzem_message] # read 351 W
[on_pzem_message] # read 351 W
[on_pzem_message] # read 350 W
[on_pzem_message] # read 350 W
 # power,average : 30,5;350,6666666666667

# set power to 30.0%
[on_pzem_message] # read 351 W
[on_pzem_message] # read 351 W
[on_pzem_message] # read 349 W
[on_pzem_message] # read 350 W
[on_pzem_message] # read 349 W
[on_pzem_message] # read 350 W
[on_pzem_message] # read 350 W
[on_pzem_message] # read 351 W
[on_pzem_message] # read 350 W
[on_pzem_message] # read 345 W
[on_pzem_message] # read 347 W
[on_pzem_message] # read 349 W
 # power,average : 30,0;349,3333333333333

# set power to 29.5%
[on_pzem_message] # read 320 W
[on_pzem_message] # read 320 W
[on_pzem_message] # read 319 W
[on_pzem_message] # read 319 W
[on_pzem_message] # read 320 W
[on_pzem_message] # read 320 W
[on_pzem_message] # read 319 W
[on_pzem_message] # read 318 W
[on_pzem_message] # read 318 W
[on_pzem_message] # read 318 W
[on_pzem_message] # read 319 W
[on_pzem_message] # read 319 W
 # power,average : 29,5;319,0833333333333

# set power to 29.0%
[on_pzem_message] # read 319 W
[on_pzem_message] # read 319 W
[on_pzem_message] # read 320 W
[on_pzem_message] # read 319 W
[on_pzem_message] # read 319 W
[on_pzem_message] # read 319 W
[on_pzem_message] # read 319 W
[on_pzem_message] # read 319 W
[on_pzem_message] # read 319 W
[on_pzem_message] # read 319 W
[on_pzem_message] # read 320 W
[on_pzem_message] # read 319 W
 # power,average : 29,0;319,1666666666667

# set power to 28.5%
[on_pzem_message] # read 288 W
[on_pzem_message] # read 290 W
[on_pzem_message] # read 291 W
[on_pzem_message] # read 290 W
[on_pzem_message] # read 290 W
[on_pzem_message] # read 291 W
[on_pzem_message] # read 291 W
[on_pzem_message] # read 292 W
[on_pzem_message] # read 291 W
[on_pzem_message] # read 291 W
[on_pzem_message] # read 290 W
[on_pzem_message] # read 290 W
 # power,average : 28,5;290,4166666666667

# set power to 28.0%
[on_pzem_message] # read 291 W
[on_pzem_message] # read 287 W
[on_pzem_message] # read 288 W
[on_pzem_message] # read 290 W
[on_pzem_message] # read 290 W
[on_pzem_message] # read 288 W
[on_pzem_message] # read 290 W
[on_pzem_message] # read 289 W
[on_pzem_message] # read 290 W
[on_pzem_message] # read 289 W
[on_pzem_message] # read 290 W
[on_pzem_message] # read 290 W
 # power,average : 28,0;289,3333333333333

# set power to 27.5%
[on_pzem_message] # read 263 W
[on_pzem_message] # read 264 W
[on_pzem_message] # read 264 W
[on_pzem_message] # read 261 W
[on_pzem_message] # read 261 W
[on_pzem_message] # read 261 W
[on_pzem_message] # read 263 W
[on_pzem_message] # read 263 W
[on_pzem_message] # read 263 W
[on_pzem_message] # read 263 W
[on_pzem_message] # read 262 W
[on_pzem_message] # read 262 W
 # power,average : 27,5;262,5

# set power to 27.0%
[on_pzem_message] # read 263 W
[on_pzem_message] # read 263 W
[on_pzem_message] # read 263 W
[on_pzem_message] # read 262 W
[on_pzem_message] # read 263 W
[on_pzem_message] # read 263 W
[on_pzem_message] # read 262 W
[on_pzem_message] # read 259 W
[on_pzem_message] # read 260 W
[on_pzem_message] # read 262 W
[on_pzem_message] # read 263 W
[on_pzem_message] # read 263 W
 # power,average : 27,0;262,1666666666667

# set power to 26.5%
[on_pzem_message] # read 237 W
[on_pzem_message] # read 237 W
[on_pzem_message] # read 237 W
[on_pzem_message] # read 237 W
[on_pzem_message] # read 237 W
[on_pzem_message] # read 236 W
[on_pzem_message] # read 236 W
[on_pzem_message] # read 236 W
[on_pzem_message] # read 234 W
[on_pzem_message] # read 233 W
[on_pzem_message] # read 235 W
[on_pzem_message] # read 235 W
 # power,average : 26,5;235,83333333333334

# set power to 26.0%
[on_pzem_message] # read 236 W
[on_pzem_message] # read 236 W
[on_pzem_message] # read 236 W
[on_pzem_message] # read 235 W
[on_pzem_message] # read 236 W
[on_pzem_message] # read 236 W
[on_pzem_message] # read 236 W
[on_pzem_message] # read 236 W
[on_pzem_message] # read 235 W
[on_pzem_message] # read 235 W
[on_pzem_message] # read 235 W
[on_pzem_message] # read 234 W
 # power,average : 26,0;235,5

# set power to 25.5%
[on_pzem_message] # read 212 W
[on_pzem_message] # read 211 W
[on_pzem_message] # read 211 W
[on_pzem_message] # read 211 W
[on_pzem_message] # read 211 W
[on_pzem_message] # read 211 W
[on_pzem_message] # read 211 W
[on_pzem_message] # read 211 W
[on_pzem_message] # read 212 W
[on_pzem_message] # read 212 W
[on_pzem_message] # read 211 W
[on_pzem_message] # read 212 W
 # power,average : 25,5;211,33333333333334

# set power to 25.0%
[on_pzem_message] # read 212 W
[on_pzem_message] # read 212 W
[on_pzem_message] # read 212 W
[on_pzem_message] # read 212 W
[on_pzem_message] # read 212 W
[on_pzem_message] # read 212 W
[on_pzem_message] # read 213 W
[on_pzem_message] # read 212 W
[on_pzem_message] # read 212 W
[on_pzem_message] # read 212 W
[on_pzem_message] # read 212 W
[on_pzem_message] # read 212 W
 # power,average : 25,0;212,08333333333334

# set power to 24.5%
[on_pzem_message] # read 188 W
[on_pzem_message] # read 187 W
[on_pzem_message] # read 187 W
[on_pzem_message] # read 189 W
[on_pzem_message] # read 189 W
[on_pzem_message] # read 188 W
[on_pzem_message] # read 187 W
[on_pzem_message] # read 187 W
[on_pzem_message] # read 186 W
[on_pzem_message] # read 187 W
[on_pzem_message] # read 188 W
[on_pzem_message] # read 188 W
 # power,average : 24,5;187,58333333333334

# set power to 24.0%
[on_pzem_message] # read 188 W
[on_pzem_message] # read 189 W
[on_pzem_message] # read 189 W
[on_pzem_message] # read 189 W
[on_pzem_message] # read 187 W
[on_pzem_message] # read 188 W
[on_pzem_message] # read 189 W
[on_pzem_message] # read 189 W
[on_pzem_message] # read 189 W
[on_pzem_message] # read 189 W
[on_pzem_message] # read 189 W
[on_pzem_message] # read 189 W
 # power,average : 24,0;188,66666666666666

# set power to 23.5%
[on_pzem_message] # read 167 W
[on_pzem_message] # read 166 W
[on_pzem_message] # read 166 W
[on_pzem_message] # read 166 W
[on_pzem_message] # read 166 W
[on_pzem_message] # read 166 W
[on_pzem_message] # read 166 W
[on_pzem_message] # read 165 W
[on_pzem_message] # read 165 W
[on_pzem_message] # read 167 W
[on_pzem_message] # read 167 W
[on_pzem_message] # read 167 W
 # power,average : 23,5;166,16666666666666

# set power to 23.0%
[on_pzem_message] # read 168 W
[on_pzem_message] # read 168 W
[on_pzem_message] # read 168 W
[on_pzem_message] # read 167 W
[on_pzem_message] # read 167 W
[on_pzem_message] # read 167 W
[on_pzem_message] # read 167 W
[on_pzem_message] # read 167 W
[on_pzem_message] # read 166 W
[on_pzem_message] # read 167 W
[on_pzem_message] # read 165 W
[on_pzem_message] # read 166 W
 # power,average : 23,0;166,91666666666666

# set power to 22.5%
[on_pzem_message] # read 146 W
[on_pzem_message] # read 147 W
[on_pzem_message] # read 147 W
[on_pzem_message] # read 147 W
[on_pzem_message] # read 147 W
[on_pzem_message] # read 147 W
[on_pzem_message] # read 147 W
[on_pzem_message] # read 147 W
[on_pzem_message] # read 147 W
[on_pzem_message] # read 146 W
[on_pzem_message] # read 146 W
[on_pzem_message] # read 147 W
 # power,average : 22,5;146,75

# set power to 22.0%
[on_pzem_message] # read 146 W
[on_pzem_message] # read 147 W
[on_pzem_message] # read 147 W
[on_pzem_message] # read 146 W
[on_pzem_message] # read 146 W
[on_pzem_message] # read 146 W
[on_pzem_message] # read 147 W
[on_pzem_message] # read 147 W
[on_pzem_message] # read 147 W
[on_pzem_message] # read 147 W
[on_pzem_message] # read 147 W
[on_pzem_message] # read 147 W
 # power,average : 22,0;146,66666666666666

# set power to 21.5%
[on_pzem_message] # read 128 W
[on_pzem_message] # read 128 W
[on_pzem_message] # read 129 W
[on_pzem_message] # read 130 W
[on_pzem_message] # read 128 W
[on_pzem_message] # read 129 W
[on_pzem_message] # read 129 W
[on_pzem_message] # read 129 W
[on_pzem_message] # read 129 W
[on_pzem_message] # read 129 W
[on_pzem_message] # read 129 W
[on_pzem_message] # read 128 W
 # power,average : 21,5;128,75

# set power to 21.0%
[on_pzem_message] # read 127 W
[on_pzem_message] # read 129 W
[on_pzem_message] # read 128 W
[on_pzem_message] # read 128 W
[on_pzem_message] # read 128 W
[on_pzem_message] # read 129 W
[on_pzem_message] # read 129 W
[on_pzem_message] # read 130 W
[on_pzem_message] # read 130 W
[on_pzem_message] # read 130 W
[on_pzem_message] # read 129 W
[on_pzem_message] # read 128 W
 # power,average : 21,0;128,75

# set power to 20.5%
[on_pzem_message] # read 112 W
[on_pzem_message] # read 113 W
[on_pzem_message] # read 111 W
[on_pzem_message] # read 112 W
[on_pzem_message] # read 113 W
[on_pzem_message] # read 110 W
[on_pzem_message] # read 110 W
[on_pzem_message] # read 112 W
[on_pzem_message] # read 111 W
[on_pzem_message] # read 112 W
[on_pzem_message] # read 111 W
[on_pzem_message] # read 111 W
 # power,average : 20,5;111,5

# set power to 20.0%
[on_pzem_message] # read 111 W
[on_pzem_message] # read 111 W
[on_pzem_message] # read 112 W
[on_pzem_message] # read 112 W
[on_pzem_message] # read 111 W
[on_pzem_message] # read 112 W
[on_pzem_message] # read 112 W
[on_pzem_message] # read 112 W
[on_pzem_message] # read 111 W
[on_pzem_message] # read 111 W
[on_pzem_message] # read 111 W
[on_pzem_message] # read 112 W
 # power,average : 20,0;111,5

# set power to 19.5%
[on_pzem_message] # read 97 W
[on_pzem_message] # read 96 W
[on_pzem_message] # read 97 W
[on_pzem_message] # read 97 W
[on_pzem_message] # read 96 W
[on_pzem_message] # read 97 W
[on_pzem_message] # read 97 W
[on_pzem_message] # read 97 W
[on_pzem_message] # read 97 W
[on_pzem_message] # read 97 W
[on_pzem_message] # read 97 W
[on_pzem_message] # read 95 W
 # power,average : 19,5;96,66666666666667

# set power to 19.0%
[on_pzem_message] # read 98 W
[on_pzem_message] # read 97 W
[on_pzem_message] # read 96 W
[on_pzem_message] # read 96 W
[on_pzem_message] # read 97 W
[on_pzem_message] # read 96 W
[on_pzem_message] # read 97 W
[on_pzem_message] # read 97 W
[on_pzem_message] # read 97 W
[on_pzem_message] # read 97 W
[on_pzem_message] # read 98 W
[on_pzem_message] # read 98 W
 # power,average : 19,0;97,0

# set power to 18.5%
[on_pzem_message] # read 84 W
[on_pzem_message] # read 83 W
[on_pzem_message] # read 83 W
[on_pzem_message] # read 83 W
[on_pzem_message] # read 83 W
[on_pzem_message] # read 84 W
[on_pzem_message] # read 84 W
[on_pzem_message] # read 83 W
[on_pzem_message] # read 83 W
[on_pzem_message] # read 83 W
[on_pzem_message] # read 84 W
[on_pzem_message] # read 84 W
 # power,average : 18,5;83,41666666666667

# set power to 18.0%
[on_pzem_message] # read 83 W
[on_pzem_message] # read 82 W
[on_pzem_message] # read 83 W
[on_pzem_message] # read 83 W
[on_pzem_message] # read 83 W
[on_pzem_message] # read 83 W
[on_pzem_message] # read 84 W
[on_pzem_message] # read 84 W
[on_pzem_message] # read 83 W
[on_pzem_message] # read 83 W
[on_pzem_message] # read 84 W
[on_pzem_message] # read 82 W
 # power,average : 18,0;83,08333333333333

# set power to 17.5%
[on_pzem_message] # read 70 W
[on_pzem_message] # read 70 W
[on_pzem_message] # read 70 W
[on_pzem_message] # read 70 W
[on_pzem_message] # read 69 W
[on_pzem_message] # read 70 W
[on_pzem_message] # read 70 W
[on_pzem_message] # read 70 W
[on_pzem_message] # read 70 W
[on_pzem_message] # read 71 W
[on_pzem_message] # read 70 W
[on_pzem_message] # read 70 W
 # power,average : 17,5;70,0

# set power to 17.0%
[on_pzem_message] # read 70 W
[on_pzem_message] # read 70 W
[on_pzem_message] # read 70 W
[on_pzem_message] # read 70 W
[on_pzem_message] # read 70 W
[on_pzem_message] # read 70 W
[on_pzem_message] # read 70 W
[on_pzem_message] # read 70 W
[on_pzem_message] # read 70 W
[on_pzem_message] # read 70 W
[on_pzem_message] # read 70 W
[on_pzem_message] # read 70 W
 # power,average : 17,0;70,0

# set power to 16.5%
[on_pzem_message] # read 59 W
[on_pzem_message] # read 60 W
[on_pzem_message] # read 60 W
[on_pzem_message] # read 60 W
[on_pzem_message] # read 59 W
[on_pzem_message] # read 59 W
[on_pzem_message] # read 59 W
[on_pzem_message] # read 59 W
[on_pzem_message] # read 59 W
[on_pzem_message] # read 58 W
[on_pzem_message] # read 59 W
[on_pzem_message] # read 59 W
 # power,average : 16,5;59,166666666666664

# set power to 16.0%
[on_pzem_message] # read 59 W
[on_pzem_message] # read 59 W
[on_pzem_message] # read 59 W
[on_pzem_message] # read 59 W
[on_pzem_message] # read 59 W
[on_pzem_message] # read 59 W
[on_pzem_message] # read 59 W
[on_pzem_message] # read 59 W
[on_pzem_message] # read 59 W
[on_pzem_message] # read 59 W
[on_pzem_message] # read 59 W
[on_pzem_message] # read 59 W
 # power,average : 16,0;59,0

# set power to 15.5%
[on_pzem_message] # read 49 W
[on_pzem_message] # read 49 W
[on_pzem_message] # read 49 W
[on_pzem_message] # read 49 W
[on_pzem_message] # read 50 W
[on_pzem_message] # read 50 W
[on_pzem_message] # read 49 W
[on_pzem_message] # read 49 W
[on_pzem_message] # read 49 W
[on_pzem_message] # read 49 W
[on_pzem_message] # read 49 W
[on_pzem_message] # read 49 W
 # power,average : 15,5;49,166666666666664

# set power to 15.0%
[on_pzem_message] # read 49 W
[on_pzem_message] # read 49 W
[on_pzem_message] # read 49 W
[on_pzem_message] # read 49 W
[on_pzem_message] # read 49 W
[on_pzem_message] # read 49 W
[on_pzem_message] # read 49 W
[on_pzem_message] # read 49 W
[on_pzem_message] # read 50 W
[on_pzem_message] # read 49 W
[on_pzem_message] # read 49 W
[on_pzem_message] # read 49 W
 # power,average : 15,0;49,083333333333336

# set power to 14.5%
[on_pzem_message] # read 40 W
[on_pzem_message] # read 40 W
[on_pzem_message] # read 40 W
[on_pzem_message] # read 40 W
[on_pzem_message] # read 40 W
[on_pzem_message] # read 40 W
[on_pzem_message] # read 40 W
[on_pzem_message] # read 40 W
[on_pzem_message] # read 40 W
[on_pzem_message] # read 40 W
[on_pzem_message] # read 40 W
[on_pzem_message] # read 40 W
 # power,average : 14,5;40,0

# set power to 14.0%
[on_pzem_message] # read 40 W
[on_pzem_message] # read 40 W
[on_pzem_message] # read 40 W
[on_pzem_message] # read 40 W
[on_pzem_message] # read 40 W
[on_pzem_message] # read 40 W
[on_pzem_message] # read 40 W
[on_pzem_message] # read 40 W
[on_pzem_message] # read 40 W
[on_pzem_message] # read 40 W
[on_pzem_message] # read 40 W
[on_pzem_message] # read 40 W
 # power,average : 14,0;40,0

# set power to 13.5%
[on_pzem_message] # read 32 W
[on_pzem_message] # read 32 W
[on_pzem_message] # read 32 W
[on_pzem_message] # read 32 W
[on_pzem_message] # read 32 W
[on_pzem_message] # read 32 W
[on_pzem_message] # read 32 W
[on_pzem_message] # read 32 W
[on_pzem_message] # read 32 W
[on_pzem_message] # read 32 W
[on_pzem_message] # read 33 W
[on_pzem_message] # read 32 W
 # power,average : 13,5;32,083333333333336

# set power to 13.0%
[on_pzem_message] # read 32 W
[on_pzem_message] # read 32 W
[on_pzem_message] # read 32 W
[on_pzem_message] # read 32 W
[on_pzem_message] # read 32 W
[on_pzem_message] # read 32 W
[on_pzem_message] # read 32 W
[on_pzem_message] # read 32 W
[on_pzem_message] # read 32 W
[on_pzem_message] # read 32 W
[on_pzem_message] # read 32 W
[on_pzem_message] # read 32 W
 # power,average : 13,0;32,0

# set power to 12.5%
[on_pzem_message] # read 25 W
[on_pzem_message] # read 25 W
[on_pzem_message] # read 25 W
[on_pzem_message] # read 25 W
[on_pzem_message] # read 25 W
[on_pzem_message] # read 25 W
[on_pzem_message] # read 25 W
[on_pzem_message] # read 26 W
[on_pzem_message] # read 26 W
[on_pzem_message] # read 25 W
[on_pzem_message] # read 26 W
[on_pzem_message] # read 26 W
 # power,average : 12,5;25,333333333333332

# set power to 12.0%
[on_pzem_message] # read 25 W
[on_pzem_message] # read 25 W
[on_pzem_message] # read 25 W
[on_pzem_message] # read 25 W
[on_pzem_message] # read 25 W
[on_pzem_message] # read 25 W
[on_pzem_message] # read 25 W
[on_pzem_message] # read 25 W
[on_pzem_message] # read 25 W
[on_pzem_message] # read 25 W
[on_pzem_message] # read 25 W
[on_pzem_message] # read 25 W
 # power,average : 12,0;25,0

# set power to 11.5%
[on_pzem_message] # read 19 W
[on_pzem_message] # read 19 W
[on_pzem_message] # read 19 W
[on_pzem_message] # read 19 W
[on_pzem_message] # read 19 W
[on_pzem_message] # read 19 W
[on_pzem_message] # read 19 W
[on_pzem_message] # read 19 W
[on_pzem_message] # read 19 W
[on_pzem_message] # read 19 W
[on_pzem_message] # read 19 W
[on_pzem_message] # read 19 W
 # power,average : 11,5;19,0

# set power to 11.0%
[on_pzem_message] # read 19 W
[on_pzem_message] # read 19 W
[on_pzem_message] # read 19 W
[on_pzem_message] # read 19 W
[on_pzem_message] # read 19 W
[on_pzem_message] # read 19 W
[on_pzem_message] # read 19 W
[on_pzem_message] # read 19 W
[on_pzem_message] # read 19 W
[on_pzem_message] # read 19 W
[on_pzem_message] # read 19 W
[on_pzem_message] # read 19 W
 # power,average : 11,0;19,0

# set power to 10.5%
[on_pzem_message] # read 14 W
[on_pzem_message] # read 14 W
[on_pzem_message] # read 15 W
[on_pzem_message] # read 14 W
[on_pzem_message] # read 15 W
[on_pzem_message] # read 14 W
[on_pzem_message] # read 14 W
[on_pzem_message] # read 14 W
[on_pzem_message] # read 14 W
[on_pzem_message] # read 14 W
[on_pzem_message] # read 14 W
[on_pzem_message] # read 14 W
 # power,average : 10,5;14,166666666666666

# set power to 10.0%
[on_pzem_message] # read 15 W
[on_pzem_message] # read 15 W
[on_pzem_message] # read 15 W
[on_pzem_message] # read 15 W
[on_pzem_message] # read 15 W
[on_pzem_message] # read 14 W
[on_pzem_message] # read 15 W
[on_pzem_message] # read 15 W
[on_pzem_message] # read 14 W
[on_pzem_message] # read 14 W
[on_pzem_message] # read 14 W
[on_pzem_message] # read 14 W
 # power,average : 10,0;14,583333333333334

# set power to 9.5%
[on_pzem_message] # read 10 W
[on_pzem_message] # read 10 W
[on_pzem_message] # read 11 W
[on_pzem_message] # read 11 W
[on_pzem_message] # read 11 W
[on_pzem_message] # read 11 W
[on_pzem_message] # read 11 W
[on_pzem_message] # read 11 W
[on_pzem_message] # read 11 W
[on_pzem_message] # read 11 W
[on_pzem_message] # read 11 W
[on_pzem_message] # read 11 W
 # power,average : 9,5;10,833333333333334

# set power to 9.0%
[on_pzem_message] # read 11 W
[on_pzem_message] # read 11 W
[on_pzem_message] # read 11 W
[on_pzem_message] # read 11 W
[on_pzem_message] # read 11 W
[on_pzem_message] # read 11 W
[on_pzem_message] # read 11 W
[on_pzem_message] # read 11 W
[on_pzem_message] # read 11 W
[on_pzem_message] # read 11 W
[on_pzem_message] # read 11 W
[on_pzem_message] # read 11 W
 # power,average : 9,0;11,0

# set power to 8.5%
[on_pzem_message] # read 7 W
[on_pzem_message] # read 8 W
[on_pzem_message] # read 8 W
[on_pzem_message] # read 8 W
[on_pzem_message] # read 8 W
[on_pzem_message] # read 7 W
[on_pzem_message] # read 8 W
[on_pzem_message] # read 8 W
[on_pzem_message] # read 7 W
[on_pzem_message] # read 7 W
[on_pzem_message] # read 7 W
[on_pzem_message] # read 8 W
 # power,average : 8,5;7,583333333333333

# set power to 8.0%
[on_pzem_message] # read 8 W
[on_pzem_message] # read 8 W
[on_pzem_message] # read 8 W
[on_pzem_message] # read 8 W
[on_pzem_message] # read 8 W
[on_pzem_message] # read 8 W
[on_pzem_message] # read 8 W
[on_pzem_message] # read 8 W
[on_pzem_message] # read 8 W
[on_pzem_message] # read 8 W
[on_pzem_message] # read 8 W
[on_pzem_message] # read 8 W
 # power,average : 8,0;8,0

# set power to 7.5%
[on_pzem_message] # read 5 W
[on_pzem_message] # read 5 W
[on_pzem_message] # read 5 W
[on_pzem_message] # read 5 W
[on_pzem_message] # read 5 W
[on_pzem_message] # read 5 W
[on_pzem_message] # read 5 W
[on_pzem_message] # read 5 W
[on_pzem_message] # read 5 W
[on_pzem_message] # read 5 W
[on_pzem_message] # read 5 W
[on_pzem_message] # read 5 W
 # power,average : 7,5;5,0

# set power to 7.0%
[on_pzem_message] # read 5 W
[on_pzem_message] # read 5 W
[on_pzem_message] # read 5 W
[on_pzem_message] # read 5 W
[on_pzem_message] # read 5 W
[on_pzem_message] # read 5 W
[on_pzem_message] # read 5 W
[on_pzem_message] # read 5 W
[on_pzem_message] # read 5 W
[on_pzem_message] # read 5 W
[on_pzem_message] # read 5 W
[on_pzem_message] # read 5 W
 # power,average : 7,0;5,0

# set power to 6.5%
[on_pzem_message] # read 4 W
[on_pzem_message] # read 4 W
[on_pzem_message] # read 4 W
[on_pzem_message] # read 4 W
[on_pzem_message] # read 4 W
[on_pzem_message] # read 4 W
[on_pzem_message] # read 4 W
[on_pzem_message] # read 4 W
[on_pzem_message] # read 4 W
[on_pzem_message] # read 4 W
[on_pzem_message] # read 4 W
[on_pzem_message] # read 4 W
 # power,average : 6,5;4,0

# set power to 6.0%
[on_pzem_message] # read 4 W
[on_pzem_message] # read 4 W
[on_pzem_message] # read 4 W
[on_pzem_message] # read 4 W
[on_pzem_message] # read 4 W
[on_pzem_message] # read 4 W
[on_pzem_message] # read 4 W
[on_pzem_message] # read 4 W
[on_pzem_message] # read 4 W
[on_pzem_message] # read 4 W
[on_pzem_message] # read 4 W
[on_pzem_message] # read 4 W
 # power,average : 6,0;4,0

# set power to 5.5%
[on_pzem_message] # read 2 W
[on_pzem_message] # read 2 W
[on_pzem_message] # read 2 W
[on_pzem_message] # read 2 W
[on_pzem_message] # read 2 W
[on_pzem_message] # read 2 W
[on_pzem_message] # read 2 W
[on_pzem_message] # read 2 W
[on_pzem_message] # read 2 W
[on_pzem_message] # read 2 W
[on_pzem_message] # read 2 W
[on_pzem_message] # read 2 W
 # power,average : 5,5;2,0

# set power to 5.0%
[on_pzem_message] # read 2 W
[on_pzem_message] # read 2 W
[on_pzem_message] # read 2 W
[on_pzem_message] # read 2 W
[on_pzem_message] # read 2 W
[on_pzem_message] # read 2 W
[on_pzem_message] # read 2 W
[on_pzem_message] # read 2 W
[on_pzem_message] # read 2 W
[on_pzem_message] # read 2 W
[on_pzem_message] # read 2 W
[on_pzem_message] # read 2 W
 # power,average : 5,0;2,0

# set power to 4.5%
[on_pzem_message] # read 2 W
[on_pzem_message] # read 2 W
[on_pzem_message] # read 2 W
[on_pzem_message] # read 2 W
[on_pzem_message] # read 2 W
[on_pzem_message] # read 2 W
[on_pzem_message] # read 2 W
[on_pzem_message] # read 2 W
[on_pzem_message] # read 2 W
[on_pzem_message] # read 2 W
[on_pzem_message] # read 2 W
[on_pzem_message] # read 2 W
 # power,average : 4,5;2,0

# set power to 4.0%
[on_pzem_message] # read 2 W
[on_pzem_message] # read 2 W
[on_pzem_message] # read 2 W
[on_pzem_message] # read 2 W
[on_pzem_message] # read 2 W
[on_pzem_message] # read 2 W
[on_pzem_message] # read 2 W
[on_pzem_message] # read 2 W
[on_pzem_message] # read 2 W
[on_pzem_message] # read 2 W
[on_pzem_message] # read 2 W
[on_pzem_message] # read 2 W
 # power,average : 4,0;2,0

# set power to 3.5%
[on_pzem_message] # read 1 W
[on_pzem_message] # read 1 W
[on_pzem_message] # read 1 W
[on_pzem_message] # read 1 W
[on_pzem_message] # read 1 W
[on_pzem_message] # read 1 W
[on_pzem_message] # read 1 W
[on_pzem_message] # read 1 W
[on_pzem_message] # read 1 W
[on_pzem_message] # read 1 W
[on_pzem_message] # read 1 W
[on_pzem_message] # read 1 W
 # power,average : 3,5;1,0

# set power to 3.0%
[on_pzem_message] # read 1 W
[on_pzem_message] # read 1 W
[on_pzem_message] # read 1 W
[on_pzem_message] # read 1 W
[on_pzem_message] # read 1 W
[on_pzem_message] # read 1 W
[on_pzem_message] # read 1 W
[on_pzem_message] # read 1 W
[on_pzem_message] # read 1 W
[on_pzem_message] # read 1 W
[on_pzem_message] # read 1 W
[on_pzem_message] # read 1 W
 # power,average : 3,0;1,0

# set power to 2.5%
[on_pzem_message] # read 101 W
[on_pzem_message] # read 64 W
[on_pzem_message] # read 1 W
[on_pzem_message] # read 58 W
[on_pzem_message] # read 44 W
[on_pzem_message] # read 124 W
[on_pzem_message] # read 129 W
[on_pzem_message] # read 20 W
[on_pzem_message] # read 68 W
[on_pzem_message] # read 77 W
[on_pzem_message] # read 79 W
[on_pzem_message] # read 63 W
 # power,average : 2,5;69,0

# set power to 2.0%
[on_pzem_message] # read 20 W
[on_pzem_message] # read 55 W
[on_pzem_message] # read 20 W
[on_pzem_message] # read 91 W
[on_pzem_message] # read 99 W
[on_pzem_message] # read 81 W
[on_pzem_message] # read 66 W
[on_pzem_message] # read 39 W
[on_pzem_message] # read 51 W
[on_pzem_message] # read 73 W
[on_pzem_message] # read 59 W
[on_pzem_message] # read 76 W
 # power,average : 2,0;60,833333333333336

# set power to 1.5%
[on_pzem_message] # read 39 W
[on_pzem_message] # read 98 W
[on_pzem_message] # read 88 W
[on_pzem_message] # read 98 W
[on_pzem_message] # read 94 W
[on_pzem_message] # read 83 W
[on_pzem_message] # read 39 W
[on_pzem_message] # read 66 W
[on_pzem_message] # read 106 W
[on_pzem_message] # read 68 W
[on_pzem_message] # read 144 W
[on_pzem_message] # read 107 W
 # power,average : 1,5;85,83333333333333

# set power to 1.0%
[on_pzem_message] # read 81 W
[on_pzem_message] # read 105 W
[on_pzem_message] # read 121 W
[on_pzem_message] # read 151 W
[on_pzem_message] # read 45 W
[on_pzem_message] # read 76 W
[on_pzem_message] # read 58 W
[on_pzem_message] # read 58 W
[on_pzem_message] # read 81 W
[on_pzem_message] # read 119 W
[on_pzem_message] # read 100 W
[on_pzem_message] # read 100 W
 # power,average : 1,0;91,25

# set power to 0.5%
[on_pzem_message] # read 1 W
[on_pzem_message] # read 1 W
[on_pzem_message] # read 1 W
[on_pzem_message] # read 1 W
[on_pzem_message] # read 1 W
[on_pzem_message] # read 1 W
[on_pzem_message] # read 1 W
[on_pzem_message] # read 1 W
[on_pzem_message] # read 1 W
[on_pzem_message] # read 1 W
[on_pzem_message] # read 1 W
[on_pzem_message] # read 1 W
 # power,average : 0,5;1,0

# set power to 0.0%
[on_pzem_message] # read 1 W
[on_pzem_message] # read 1 W
[on_pzem_message] # read 1 W
[on_pzem_message] # read 1 W
[on_pzem_message] # read 1 W
[on_pzem_message] # read 1 W
[on_pzem_message] # read 1 W
[on_pzem_message] # read 1 W
[on_pzem_message] # read 1 W
[on_pzem_message] # read 1 W
[on_pzem_message] # read 1 W
[on_pzem_message] # read 1 W
 # power,average : 0,0;1,0
